#
# There is insufficient memory for the Java Runtime Environment to continue.
# Native memory allocation (malloc) failed to allocate 32744 bytes for ChunkPool::allocate
# Possible reasons:
#   The system is out of physical RAM or swap space
#   The process is running with CompressedOops enabled, and the Java Heap may be blocking the growth of the native heap
# Possible solutions:
#   Reduce memory load on the system
#   Increase physical memory or swap space
#   Check if swap backing store is full
#   Decrease Java heap size (-Xmx/-Xms)
#   Decrease number of Java threads
#   Decrease Java thread stack sizes (-Xss)
#   Set larger code cache with -XX:ReservedCodeCacheSize=
#   JVM is running with Unscaled Compressed Oops mode in which the Java heap is
#     placed in the first 4GB address space. The Java Heap base address is the
#     maximum limit for the native heap growth. Please use -XX:HeapBaseMinAddress
#     to set the Java Heap base and to place the Java Heap above 4GB virtual address.
# This output file may be truncated or incomplete.
#
#  Out of Memory Error (arena.cpp:78), pid=4248, tid=9136
#
# JRE version: OpenJDK Runtime Environment OpenLogic-OpenJDK (17.0.5+8) (build 17.0.5+8-adhoc..jdk17u)
# Java VM: OpenJDK 64-Bit Server VM OpenLogic-OpenJDK (17.0.5+8-adhoc..jdk17u, mixed mode, sharing, tiered, compressed oops, compressed class ptrs, g1 gc, windows-amd64)
# No core dump will be written. Minidumps are not enabled by default on client versions of Windows
#

---------------  S U M M A R Y ------------

Command Line: -XX:MaxMetaspaceSize=512m --add-opens=java.base/java.util=ALL-UNNAMED --add-opens=java.base/java.lang=ALL-UNNAMED --add-opens=java.base/java.lang.invoke=ALL-UNNAMED --add-opens=java.prefs/java.util.prefs=ALL-UNNAMED --add-opens=java.base/java.nio.charset=ALL-UNNAMED --add-opens=java.base/java.net=ALL-UNNAMED --add-opens=java.base/java.util.concurrent.atomic=ALL-UNNAMED -Xmx2048m -Dfile.encoding=windows-1252 -Duser.country=IN -Duser.language=en -Duser.variant org.gradle.launcher.daemon.bootstrap.GradleDaemon 8.0.1

Host: Intel(R) Core(TM) i5-8265U CPU @ 1.60GHz, 8 cores, 7G,  Windows 11 , 64 bit Build 22621 (10.0.22621.1928)
Time: Tue Aug 15 14:10:44 2023 India Standard Time elapsed time: 94.816629 seconds (0d 0h 1m 34s)

---------------  T H R E A D  ---------------

Current thread (0x00000188169f74b0):  JavaThread "C2 CompilerThread0" daemon [_thread_in_native, id=9136, stack(0x00000041a6400000,0x00000041a6500000)]


Current CompileTask:
C2:  94816 9751       4       javax.management.ObjectName::construct (1135 bytes)

Stack: [0x00000041a6400000,0x00000041a6500000]
Native frames: (J=compiled Java code, j=interpreted, Vv=VM code, C=native code)
V  [jvm.dll+0x677b5a]
V  [jvm.dll+0x832c94]
V  [jvm.dll+0x83443e]
V  [jvm.dll+0x834aa3]
V  [jvm.dll+0x245035]
V  [jvm.dll+0xabf6c]
V  [jvm.dll+0xac31c]
V  [jvm.dll+0xb926d]
V  [jvm.dll+0x56ee1e]
V  [jvm.dll+0x56cfc0]
V  [jvm.dll+0x56d9d0]
V  [jvm.dll+0x56cdde]
V  [jvm.dll+0x56cdf1]
V  [jvm.dll+0x56cdf1]
V  [jvm.dll+0x56cdf1]
V  [jvm.dll+0x56cdf1]
V  [jvm.dll+0x56cdf1]
V  [jvm.dll+0x56cda5]
V  [jvm.dll+0x56cdf1]
V  [jvm.dll+0x57ed58]
V  [jvm.dll+0x220112]
V  [jvm.dll+0x219a62]
V  [jvm.dll+0x21727b]
V  [jvm.dll+0x1a378d]
V  [jvm.dll+0x226d0a]
V  [jvm.dll+0x224e65]
V  [jvm.dll+0x7e861c]
V  [jvm.dll+0x7e2b8a]
V  [jvm.dll+0x676a05]
C  [ucrtbase.dll+0x29363]
C  [KERNEL32.DLL+0x126ad]
C  [ntdll.dll+0x5aa68]


---------------  P R O C E S S  ---------------

Threads class SMR info:
_java_thread_list=0x000001881dd512b0, length=135, elements={
0x0000018875242580, 0x00000188169d7280, 0x00000188169d7e30, 0x00000188169ee8d0,
0x00000188169ef390, 0x00000188169f5d70, 0x00000188169f6720, 0x00000188169f74b0,
0x00000188169f7f50, 0x00000188169fa950, 0x0000018817501790, 0x0000018817503c70,
0x000001881921b840, 0x0000018819706700, 0x000001881903b380, 0x00000188183661b0,
0x0000018818366680, 0x000001881957bd70, 0x00000188187dcab0, 0x0000018818724790,
0x0000018818722f80, 0x00000188187242c0, 0x0000018818723450, 0x0000018818723920,
0x00000188196edce0, 0x00000188196e9e50, 0x00000188196eeb50, 0x00000188196ebb30,
0x00000188196ef020, 0x00000188196ee1b0, 0x00000188196ef4f0, 0x00000188196eb190,
0x00000188196f0d00, 0x00000188196ee680, 0x00000188196ef9c0, 0x00000188196ea320,
0x00000188196ea7f0, 0x00000188196eb660, 0x00000188196f0830, 0x00000188196eacc0,
0x00000188196ec000, 0x00000188196ec9a0, 0x000001881b199cd0, 0x000001881b19b9b0,
0x000001881b19e9d0, 0x000001881b19be80, 0x000001881b19ccf0, 0x000001881b1984c0,
0x000001881b199330, 0x000001881b19a1a0, 0x000001881b19e500, 0x000001881b19db60,
0x000001881b198990, 0x000001881b19c820, 0x000001881b198e60, 0x000001881b19d1c0,
0x000001881b197b20, 0x000001881b199800, 0x000001881b19a670, 0x000001881b19c350,
0x000001881b19ab40, 0x000001881b19d690, 0x000001881b19e030, 0x000001881b19b010,
0x000001881b19eea0, 0x000001881b197650, 0x000001881b197ff0, 0x000001881b8e9630,
0x000001881b8ea4a0, 0x000001881b8e9fd0, 0x000001881b8eb310, 0x000001881b8eae40,
0x000001881b8e9b00, 0x000001881b8e6610, 0x000001881b8e57a0, 0x000001881b8ea970,
0x000001881b8e3f90, 0x000001881b8e3ac0, 0x000001881b8e8c90, 0x000001881b8e4460,
0x000001881b8e87c0, 0x000001881b8e7e20, 0x000001881b8e7480, 0x000001881b8e6140,
0x000001881b8e9160, 0x000001881b2b2590, 0x000001881b2b5f50, 0x000001881b2b55b0,
0x000001881b2b7290, 0x000001881b2b0d80, 0x000001881b2b1250, 0x000001881b2b20c0,
0x000001881b2b5a80, 0x000001881b2b3da0, 0x000001881b2b2f30, 0x000001881b2b4270,
0x000001881b2b4c10, 0x000001881b2b50e0, 0x000001881b2b2a60, 0x000001881b2b6420,
0x000001881b2b3400, 0x000001881b2b38d0, 0x000001881b2b4740, 0x000001881b2b68f0,
0x000001881b2b03e0, 0x000001881b2b6dc0, 0x000001881b2b08b0, 0x000001881b30d8b0,
0x000001881b308210, 0x000001881b30c570, 0x000001881b30ad60, 0x000001881b30b700,
0x000001881b306a00, 0x000001881b309080, 0x000001881b309ef0, 0x000001881b306530,
0x000001881b3086e0, 0x000001881b30b230, 0x000001881b307870, 0x000001881b308bb0,
0x000001881b306ed0, 0x000001881b3073a0, 0x000001881b306060, 0x000001881b309550,
0x000001881b307d40, 0x000001881b309a20, 0x000001881b30a3c0, 0x000001881b30bbd0,
0x000001881b30a890, 0x000001881b30c0a0, 0x000001881b30ca40, 0x000001881b30cf10,
0x000001881b30d3e0, 0x0000018819c7ef20, 0x0000018819c7ea50
}

Java Threads: ( => current thread )
  0x0000018875242580 JavaThread "main" [_thread_blocked, id=28272, stack(0x00000041a5500000,0x00000041a5600000)]
  0x00000188169d7280 JavaThread "Reference Handler" daemon [_thread_blocked, id=20732, stack(0x00000041a5d00000,0x00000041a5e00000)]
  0x00000188169d7e30 JavaThread "Finalizer" daemon [_thread_blocked, id=26348, stack(0x00000041a5e00000,0x00000041a5f00000)]
  0x00000188169ee8d0 JavaThread "Signal Dispatcher" daemon [_thread_blocked, id=20112, stack(0x00000041a6000000,0x00000041a6100000)]
  0x00000188169ef390 JavaThread "Attach Listener" daemon [_thread_blocked, id=19084, stack(0x00000041a6100000,0x00000041a6200000)]
  0x00000188169f5d70 JavaThread "Service Thread" daemon [_thread_blocked, id=13792, stack(0x00000041a6200000,0x00000041a6300000)]
  0x00000188169f6720 JavaThread "Monitor Deflation Thread" daemon [_thread_blocked, id=9380, stack(0x00000041a6300000,0x00000041a6400000)]
=>0x00000188169f74b0 JavaThread "C2 CompilerThread0" daemon [_thread_in_native, id=9136, stack(0x00000041a6400000,0x00000041a6500000)]
  0x00000188169f7f50 JavaThread "C1 CompilerThread0" daemon [_thread_blocked, id=8136, stack(0x00000041a6500000,0x00000041a6600000)]
  0x00000188169fa950 JavaThread "Sweeper thread" daemon [_thread_blocked, id=25640, stack(0x00000041a6600000,0x00000041a6700000)]
  0x0000018817501790 JavaThread "Common-Cleaner" daemon [_thread_blocked, id=28284, stack(0x00000041a6700000,0x00000041a6800000)]
  0x0000018817503c70 JavaThread "Notification Thread" daemon [_thread_blocked, id=23088, stack(0x00000041a6800000,0x00000041a6900000)]
  0x000001881921b840 JavaThread "Daemon health stats" [_thread_blocked, id=27200, stack(0x00000041a6b00000,0x00000041a6c00000)]
  0x0000018819706700 JavaThread "Incoming local TCP Connector on port 3373" [_thread_in_native, id=3844, stack(0x00000041a6a00000,0x00000041a6b00000)]
  0x000001881903b380 JavaThread "Daemon periodic checks" [_thread_blocked, id=11824, stack(0x00000041a7000000,0x00000041a7100000)]
  0x00000188183661b0 JavaThread "Daemon" [_thread_blocked, id=7032, stack(0x00000041a7200000,0x00000041a7300000)]
  0x0000018818366680 JavaThread "Handler for socket connection from /127.0.0.1:3373 to /127.0.0.1:3374" [_thread_in_native, id=29096, stack(0x00000041a7300000,0x00000041a7400000)]
  0x000001881957bd70 JavaThread "Cancel handler" [_thread_blocked, id=22076, stack(0x00000041a7400000,0x00000041a7500000)]
  0x00000188187dcab0 JavaThread "Daemon worker" [_thread_in_native, id=28700, stack(0x00000041a7500000,0x00000041a7600000)]
  0x0000018818724790 JavaThread "Asynchronous log dispatcher for DefaultDaemonConnection: socket connection from /127.0.0.1:3373 to /127.0.0.1:3374" [_thread_blocked, id=27112, stack(0x00000041a7600000,0x00000041a7700000)]
  0x0000018818722f80 JavaThread "Daemon client event forwarder" [_thread_blocked, id=27700, stack(0x00000041a7800000,0x00000041a7900000)]
  0x00000188187242c0 JavaThread "Cache worker for journal cache (C:\Users\Dell\.gradle\caches\journal-1)" [_thread_blocked, id=21916, stack(0x00000041a7100000,0x00000041a7200000)]
  0x0000018818723450 JavaThread "File lock request listener" [_thread_in_native, id=25260, stack(0x00000041a7900000,0x00000041a7a00000)]
  0x0000018818723920 JavaThread "Cache worker for file hash cache (C:\Users\Dell\.gradle\caches\8.0.1\fileHashes)" [_thread_blocked, id=24924, stack(0x00000041a7a00000,0x00000041a7b00000)]
  0x00000188196edce0 JavaThread "File watcher server" daemon [_thread_in_native, id=29512, stack(0x00000041a7e00000,0x00000041a7f00000)]
  0x00000188196e9e50 JavaThread "File watcher consumer" daemon [_thread_blocked, id=22296, stack(0x00000041a7f00000,0x00000041a8000000)]
  0x00000188196eeb50 JavaThread "Cache worker for checksums cache (D:\Abhishek\ReactNative\RN\gAuth\android\.gradle\8.0.1\checksums)" [_thread_blocked, id=18180, stack(0x00000041a8100000,0x00000041a8200000)]
  0x00000188196ebb30 JavaThread "Cache worker for cache directory md-rule (C:\Users\Dell\.gradle\caches\8.0.1\md-rule)" [_thread_blocked, id=20380, stack(0x00000041a8200000,0x00000041a8300000)]
  0x00000188196ef020 JavaThread "Cache worker for file content cache (C:\Users\Dell\.gradle\caches\8.0.1\fileContent)" [_thread_blocked, id=22304, stack(0x00000041a8300000,0x00000041a8400000)]
  0x00000188196ee1b0 JavaThread "Cache worker for file hash cache (D:\Abhishek\ReactNative\RN\gAuth\android\.gradle\8.0.1\fileHashes)" [_thread_blocked, id=27196, stack(0x00000041a8400000,0x00000041a8500000)]
  0x00000188196ef4f0 JavaThread "Cache worker for cache directory md-supplier (C:\Users\Dell\.gradle\caches\8.0.1\md-supplier)" [_thread_blocked, id=27444, stack(0x00000041a8500000,0x00000041a8600000)]
  0x00000188196eb190 JavaThread "Cache worker for execution history cache (C:\Users\Dell\.gradle\caches\8.0.1\executionHistory)" [_thread_blocked, id=23224, stack(0x00000041a8000000,0x00000041a8100000)]
  0x00000188196f0d00 JavaThread "File lock release action executor" [_thread_blocked, id=21904, stack(0x00000041a8800000,0x00000041a8900000)]
  0x00000188196ee680 JavaThread "jar transforms" [_thread_blocked, id=21520, stack(0x00000041a8900000,0x00000041a8a00000)]
  0x00000188196ef9c0 JavaThread "jar transforms Thread 2" [_thread_blocked, id=12512, stack(0x00000041a8a00000,0x00000041a8b00000)]
  0x00000188196ea320 JavaThread "jar transforms Thread 3" [_thread_blocked, id=13836, stack(0x00000041a8b00000,0x00000041a8c00000)]
  0x00000188196ea7f0 JavaThread "jar transforms Thread 4" [_thread_blocked, id=21704, stack(0x00000041a8c00000,0x00000041a8d00000)]
  0x00000188196eb660 JavaThread "Cache worker for kotlin-dsl (C:\Users\Dell\.gradle\caches\8.0.1\kotlin-dsl)" [_thread_blocked, id=21344, stack(0x00000041a8e00000,0x00000041a8f00000)]
  0x00000188196f0830 JavaThread "jar transforms Thread 5" [_thread_blocked, id=13348, stack(0x00000041a8f00000,0x00000041a9000000)]
  0x00000188196eacc0 JavaThread "jar transforms Thread 6" [_thread_blocked, id=17272, stack(0x00000041a9000000,0x00000041a9100000)]
  0x00000188196ec000 JavaThread "Cache worker for dependencies-accessors (D:\Abhishek\ReactNative\RN\gAuth\android\.gradle\8.0.1\dependencies-accessors)" [_thread_blocked, id=28884, stack(0x00000041a9100000,0x00000041a9200000)]
  0x00000188196ec9a0 JavaThread "Cache worker for Build Output Cleanup Cache (D:\Abhishek\ReactNative\RN\gAuth\node_modules\@react-native\gradle-plugin\.gradle\buildOutputCleanup)" [_thread_blocked, id=3524, stack(0x00000041a9200000,0x00000041a9300000)]
  0x000001881b199cd0 JavaThread "jar transforms Thread 7" [_thread_blocked, id=20068, stack(0x00000041a9300000,0x00000041a9400000)]
  0x000001881b19b9b0 JavaThread "Unconstrained build operations" [_thread_blocked, id=28952, stack(0x00000041a9400000,0x00000041a9500000)]
  0x000001881b19e9d0 JavaThread "Unconstrained build operations Thread 2" [_thread_blocked, id=18144, stack(0x00000041a9500000,0x00000041a9600000)]
  0x000001881b19be80 JavaThread "Unconstrained build operations Thread 3" [_thread_blocked, id=9932, stack(0x00000041a9600000,0x00000041a9700000)]
  0x000001881b19ccf0 JavaThread "Unconstrained build operations Thread 4" [_thread_blocked, id=10204, stack(0x00000041a9700000,0x00000041a9800000)]
  0x000001881b1984c0 JavaThread "Unconstrained build operations Thread 5" [_thread_blocked, id=27036, stack(0x00000041a9800000,0x00000041a9900000)]
  0x000001881b199330 JavaThread "Unconstrained build operations Thread 6" [_thread_blocked, id=26304, stack(0x00000041a9900000,0x00000041a9a00000)]
  0x000001881b19a1a0 JavaThread "Unconstrained build operations Thread 7" [_thread_blocked, id=25612, stack(0x00000041a9a00000,0x00000041a9b00000)]
  0x000001881b19e500 JavaThread "Unconstrained build operations Thread 8" [_thread_blocked, id=21876, stack(0x00000041a9b00000,0x00000041a9c00000)]
  0x000001881b19db60 JavaThread "Unconstrained build operations Thread 9" [_thread_blocked, id=21852, stack(0x00000041a9c00000,0x00000041a9d00000)]
  0x000001881b198990 JavaThread "Unconstrained build operations Thread 10" [_thread_blocked, id=22636, stack(0x00000041a9d00000,0x00000041a9e00000)]
  0x000001881b19c820 JavaThread "Unconstrained build operations Thread 11" [_thread_blocked, id=8656, stack(0x00000041a9e00000,0x00000041a9f00000)]
  0x000001881b198e60 JavaThread "Unconstrained build operations Thread 12" [_thread_blocked, id=16452, stack(0x00000041a9f00000,0x00000041aa000000)]
  0x000001881b19d1c0 JavaThread "Unconstrained build operations Thread 13" [_thread_blocked, id=5180, stack(0x00000041aa000000,0x00000041aa100000)]
  0x000001881b197b20 JavaThread "Unconstrained build operations Thread 14" [_thread_blocked, id=21644, stack(0x00000041aa100000,0x00000041aa200000)]
  0x000001881b199800 JavaThread "Unconstrained build operations Thread 15" [_thread_blocked, id=29000, stack(0x00000041aa200000,0x00000041aa300000)]
  0x000001881b19a670 JavaThread "Unconstrained build operations Thread 16" [_thread_blocked, id=17684, stack(0x00000041aa300000,0x00000041aa400000)]
  0x000001881b19c350 JavaThread "Unconstrained build operations Thread 17" [_thread_blocked, id=24604, stack(0x00000041aa400000,0x00000041aa500000)]
  0x000001881b19ab40 JavaThread "Unconstrained build operations Thread 18" [_thread_blocked, id=29220, stack(0x00000041aa500000,0x00000041aa600000)]
  0x000001881b19d690 JavaThread "Unconstrained build operations Thread 19" [_thread_blocked, id=4332, stack(0x00000041aa600000,0x00000041aa700000)]
  0x000001881b19e030 JavaThread "Unconstrained build operations Thread 20" [_thread_blocked, id=25688, stack(0x00000041aa700000,0x00000041aa800000)]
  0x000001881b19b010 JavaThread "Unconstrained build operations Thread 21" [_thread_blocked, id=1908, stack(0x00000041aa800000,0x00000041aa900000)]
  0x000001881b19eea0 JavaThread "Unconstrained build operations Thread 22" [_thread_blocked, id=4680, stack(0x00000041aa900000,0x00000041aaa00000)]
  0x000001881b197650 JavaThread "Unconstrained build operations Thread 23" [_thread_blocked, id=17612, stack(0x00000041aaa00000,0x00000041aab00000)]
  0x000001881b197ff0 JavaThread "Unconstrained build operations Thread 24" [_thread_blocked, id=9504, stack(0x00000041aab00000,0x00000041aac00000)]
  0x000001881b8e9630 JavaThread "Unconstrained build operations Thread 25" [_thread_blocked, id=27064, stack(0x00000041aac00000,0x00000041aad00000)]
  0x000001881b8ea4a0 JavaThread "Unconstrained build operations Thread 26" [_thread_blocked, id=23496, stack(0x00000041aad00000,0x00000041aae00000)]
  0x000001881b8e9fd0 JavaThread "jar transforms Thread 8" [_thread_blocked, id=28728, stack(0x00000041aae00000,0x00000041aaf00000)]
  0x000001881b8eb310 JavaThread "Memory manager" [_thread_blocked, id=2464, stack(0x00000041ab000000,0x00000041ab100000)]
  0x000001881b8eae40 JavaThread "Cache worker for Build Output Cleanup Cache (D:\Abhishek\ReactNative\RN\gAuth\android\.gradle\buildOutputCleanup)" [_thread_blocked, id=27168, stack(0x00000041aaf00000,0x00000041ab000000)]
  0x000001881b8e9b00 JavaThread "included builds" [_thread_blocked, id=5784, stack(0x00000041ab200000,0x00000041ab300000)]
  0x000001881b8e6610 JavaThread "Execution worker" [_thread_blocked, id=6000, stack(0x00000041ab300000,0x00000041ab400000)]
  0x000001881b8e57a0 JavaThread "Execution worker Thread 2" [_thread_blocked, id=11220, stack(0x00000041ab400000,0x00000041ab500000)]
  0x000001881b8ea970 JavaThread "Execution worker Thread 3" [_thread_blocked, id=26540, stack(0x00000041ab500000,0x00000041ab600000)]
  0x000001881b8e3f90 JavaThread "Execution worker Thread 4" [_thread_blocked, id=24156, stack(0x00000041ab600000,0x00000041ab700000)]
  0x000001881b8e3ac0 JavaThread "Execution worker Thread 5" [_thread_blocked, id=12116, stack(0x00000041ab700000,0x00000041ab800000)]
  0x000001881b8e8c90 JavaThread "Execution worker Thread 6" [_thread_blocked, id=2044, stack(0x00000041ab800000,0x00000041ab900000)]
  0x000001881b8e4460 JavaThread "Execution worker Thread 7" [_thread_blocked, id=23116, stack(0x00000041ab900000,0x00000041aba00000)]
  0x000001881b8e87c0 JavaThread "Cache worker for execution history cache (D:\Abhishek\ReactNative\RN\gAuth\node_modules\@react-native\gradle-plugin\.gradle\8.0.1\executionHistory)" [_thread_blocked, id=20276, stack(0x00000041aba00000,0x00000041abb00000)]
  0x000001881b8e7e20 JavaThread "Unconstrained build operations Thread 27" [_thread_blocked, id=22964, stack(0x00000041a5400000,0x00000041a5500000)]
  0x000001881b8e7480 JavaThread "Unconstrained build operations Thread 28" [_thread_blocked, id=712, stack(0x00000041a5600000,0x00000041a5700000)]
  0x000001881b8e6140 JavaThread "Unconstrained build operations Thread 29" [_thread_blocked, id=6396, stack(0x00000041a5f00000,0x00000041a6000000)]
  0x000001881b8e9160 JavaThread "Unconstrained build operations Thread 30" [_thread_blocked, id=21020, stack(0x00000041abb00000,0x00000041abc00000)]
  0x000001881b2b2590 JavaThread "Unconstrained build operations Thread 31" [_thread_blocked, id=23100, stack(0x00000041abc00000,0x00000041abd00000)]
  0x000001881b2b5f50 JavaThread "Unconstrained build operations Thread 32" [_thread_blocked, id=28496, stack(0x00000041abd00000,0x00000041abe00000)]
  0x000001881b2b55b0 JavaThread "Unconstrained build operations Thread 33" [_thread_blocked, id=27140, stack(0x00000041abe00000,0x00000041abf00000)]
  0x000001881b2b7290 JavaThread "Unconstrained build operations Thread 34" [_thread_blocked, id=26748, stack(0x00000041abf00000,0x00000041ac000000)]
  0x000001881b2b0d80 JavaThread "Unconstrained build operations Thread 35" [_thread_blocked, id=28860, stack(0x00000041ac000000,0x00000041ac100000)]
  0x000001881b2b1250 JavaThread "Unconstrained build operations Thread 36" [_thread_blocked, id=18524, stack(0x00000041ac100000,0x00000041ac200000)]
  0x000001881b2b20c0 JavaThread "Unconstrained build operations Thread 37" [_thread_blocked, id=8464, stack(0x00000041ac200000,0x00000041ac300000)]
  0x000001881b2b5a80 JavaThread "Unconstrained build operations Thread 38" [_thread_blocked, id=9552, stack(0x00000041ac300000,0x00000041ac400000)]
  0x000001881b2b3da0 JavaThread "Unconstrained build operations Thread 39" [_thread_blocked, id=21036, stack(0x00000041ac400000,0x00000041ac500000)]
  0x000001881b2b2f30 JavaThread "Unconstrained build operations Thread 40" [_thread_blocked, id=15800, stack(0x00000041ac500000,0x00000041ac600000)]
  0x000001881b2b4270 JavaThread "Unconstrained build operations Thread 41" [_thread_blocked, id=11016, stack(0x00000041ac600000,0x00000041ac700000)]
  0x000001881b2b4c10 JavaThread "Unconstrained build operations Thread 42" [_thread_blocked, id=25744, stack(0x00000041ac700000,0x00000041ac800000)]
  0x000001881b2b50e0 JavaThread "Unconstrained build operations Thread 43" [_thread_blocked, id=25504, stack(0x00000041ac800000,0x00000041ac900000)]
  0x000001881b2b2a60 JavaThread "Unconstrained build operations Thread 44" [_thread_blocked, id=15528, stack(0x00000041ac900000,0x00000041aca00000)]
  0x000001881b2b6420 JavaThread "Unconstrained build operations Thread 45" [_thread_blocked, id=26984, stack(0x00000041aca00000,0x00000041acb00000)]
  0x000001881b2b3400 JavaThread "Unconstrained build operations Thread 46" [_thread_blocked, id=10180, stack(0x00000041acb00000,0x00000041acc00000)]
  0x000001881b2b38d0 JavaThread "Unconstrained build operations Thread 47" [_thread_blocked, id=20180, stack(0x00000041acc00000,0x00000041acd00000)]
  0x000001881b2b4740 JavaThread "Unconstrained build operations Thread 48" [_thread_blocked, id=17476, stack(0x00000041acd00000,0x00000041ace00000)]
  0x000001881b2b68f0 JavaThread "Unconstrained build operations Thread 49" [_thread_blocked, id=17960, stack(0x00000041ace00000,0x00000041acf00000)]
  0x000001881b2b03e0 JavaThread "Unconstrained build operations Thread 50" [_thread_blocked, id=6856, stack(0x00000041acf00000,0x00000041ad000000)]
  0x000001881b2b6dc0 JavaThread "Unconstrained build operations Thread 51" [_thread_blocked, id=24368, stack(0x00000041ad000000,0x00000041ad100000)]
  0x000001881b2b08b0 JavaThread "Unconstrained build operations Thread 52" [_thread_blocked, id=29492, stack(0x00000041ab100000,0x00000041ab200000)]
  0x000001881b30d8b0 JavaThread "Unconstrained build operations Thread 53" [_thread_blocked, id=21096, stack(0x00000041ad100000,0x00000041ad200000)]
  0x000001881b308210 JavaThread "Unconstrained build operations Thread 54" [_thread_blocked, id=24668, stack(0x00000041ad200000,0x00000041ad300000)]
  0x000001881b30c570 JavaThread "Unconstrained build operations Thread 55" [_thread_blocked, id=1320, stack(0x00000041ad300000,0x00000041ad400000)]
  0x000001881b30ad60 JavaThread "Unconstrained build operations Thread 56" [_thread_blocked, id=24356, stack(0x00000041ad400000,0x00000041ad500000)]
  0x000001881b30b700 JavaThread "Unconstrained build operations Thread 57" [_thread_blocked, id=19216, stack(0x00000041ad500000,0x00000041ad600000)]
  0x000001881b306a00 JavaThread "Unconstrained build operations Thread 58" [_thread_blocked, id=6924, stack(0x00000041ad600000,0x00000041ad700000)]
  0x000001881b309080 JavaThread "Unconstrained build operations Thread 59" [_thread_blocked, id=19300, stack(0x00000041ad700000,0x00000041ad800000)]
  0x000001881b309ef0 JavaThread "Unconstrained build operations Thread 60" [_thread_blocked, id=20960, stack(0x00000041ad800000,0x00000041ad900000)]
  0x000001881b306530 JavaThread "Unconstrained build operations Thread 61" [_thread_blocked, id=5248, stack(0x00000041ad900000,0x00000041ada00000)]
  0x000001881b3086e0 JavaThread "Unconstrained build operations Thread 62" [_thread_blocked, id=2660, stack(0x00000041ada00000,0x00000041adb00000)]
  0x000001881b30b230 JavaThread "Unconstrained build operations Thread 63" [_thread_blocked, id=8584, stack(0x00000041adb00000,0x00000041adc00000)]
  0x000001881b307870 JavaThread "Unconstrained build operations Thread 64" [_thread_blocked, id=23156, stack(0x00000041adc00000,0x00000041add00000)]
  0x000001881b308bb0 JavaThread "Unconstrained build operations Thread 65" [_thread_blocked, id=12112, stack(0x00000041add00000,0x00000041ade00000)]
  0x000001881b306ed0 JavaThread "Unconstrained build operations Thread 66" [_thread_blocked, id=23440, stack(0x00000041ade00000,0x00000041adf00000)]
  0x000001881b3073a0 JavaThread "Unconstrained build operations Thread 67" [_thread_blocked, id=23520, stack(0x00000041adf00000,0x00000041ae000000)]
  0x000001881b306060 JavaThread "Unconstrained build operations Thread 68" [_thread_blocked, id=7064, stack(0x00000041ae000000,0x00000041ae100000)]
  0x000001881b309550 JavaThread "Unconstrained build operations Thread 69" [_thread_blocked, id=19448, stack(0x00000041ae100000,0x00000041ae200000)]
  0x000001881b307d40 JavaThread "Unconstrained build operations Thread 70" [_thread_blocked, id=17020, stack(0x00000041ae200000,0x00000041ae300000)]
  0x000001881b309a20 JavaThread "Unconstrained build operations Thread 71" [_thread_blocked, id=7728, stack(0x00000041ae300000,0x00000041ae400000)]
  0x000001881b30a3c0 JavaThread "Unconstrained build operations Thread 72" [_thread_blocked, id=26808, stack(0x00000041ae400000,0x00000041ae500000)]
  0x000001881b30bbd0 JavaThread "Unconstrained build operations Thread 73" [_thread_blocked, id=5432, stack(0x00000041ae500000,0x00000041ae600000)]
  0x000001881b30a890 JavaThread "Unconstrained build operations Thread 74" [_thread_blocked, id=16012, stack(0x00000041ae600000,0x00000041ae700000)]
  0x000001881b30c0a0 JavaThread "Unconstrained build operations Thread 75" [_thread_blocked, id=13216, stack(0x00000041ae700000,0x00000041ae800000)]
  0x000001881b30ca40 JavaThread "Unconstrained build operations Thread 76" [_thread_blocked, id=24316, stack(0x00000041ae800000,0x00000041ae900000)]
  0x000001881b30cf10 JavaThread "Unconstrained build operations Thread 77" [_thread_blocked, id=17604, stack(0x00000041ae900000,0x00000041aea00000)]
  0x000001881b30d3e0 JavaThread "Unconstrained build operations Thread 78" [_thread_blocked, id=6356, stack(0x00000041aea00000,0x00000041aeb00000)]
  0x0000018819c7ef20 JavaThread "Unconstrained build operations Thread 79" [_thread_blocked, id=20892, stack(0x00000041aeb00000,0x00000041aec00000)]
  0x0000018819c7ea50 JavaThread "Unconstrained build operations Thread 80" [_thread_blocked, id=20676, stack(0x00000041aec00000,0x00000041aed00000)]

Other Threads:
  0x00000188169cfc20 VMThread "VM Thread" [stack: 0x00000041a5c00000,0x00000041a5d00000] [id=28932]
  0x0000018817504750 WatcherThread [stack: 0x00000041a6900000,0x00000041a6a00000] [id=14920]
  0x000001887529b630 GCTaskThread "GC Thread#0" [stack: 0x00000041a5700000,0x00000041a5800000] [id=20728]
  0x00000188181c67a0 GCTaskThread "GC Thread#1" [stack: 0x00000041a6c00000,0x00000041a6d00000] [id=1876]
  0x00000188189ab4f0 GCTaskThread "GC Thread#2" [stack: 0x00000041a6d00000,0x00000041a6e00000] [id=4512]
  0x0000018817ee7d60 GCTaskThread "GC Thread#3" [stack: 0x00000041a6e00000,0x00000041a6f00000] [id=11796]
  0x000001881844ffa0 GCTaskThread "GC Thread#4" [stack: 0x00000041a6f00000,0x00000041a7000000] [id=15960]
  0x0000018818e3f1e0 GCTaskThread "GC Thread#5" [stack: 0x00000041a7b00000,0x00000041a7c00000] [id=15136]
  0x000001881809d910 GCTaskThread "GC Thread#6" [stack: 0x00000041a7c00000,0x00000041a7d00000] [id=4700]
  0x00000188196f9020 GCTaskThread "GC Thread#7" [stack: 0x00000041a7d00000,0x00000041a7e00000] [id=10732]
  0x00000188752ad580 ConcurrentGCThread "G1 Main Marker" [stack: 0x00000041a5800000,0x00000041a5900000] [id=8544]
  0x00000188752ae0f0 ConcurrentGCThread "G1 Conc#0" [stack: 0x00000041a5900000,0x00000041a5a00000] [id=2028]
  0x0000018819688650 ConcurrentGCThread "G1 Conc#1" [stack: 0x00000041a8600000,0x00000041a8700000] [id=1156]
  0x00000188752fda70 ConcurrentGCThread "G1 Refine#0" [stack: 0x00000041a5a00000,0x00000041a5b00000] [id=26912]
  0x00000188752fe490 ConcurrentGCThread "G1 Service" [stack: 0x00000041a5b00000,0x00000041a5c00000] [id=29692]

Threads with active compile tasks:
C2 CompilerThread0    96131 9751       4       javax.management.ObjectName::construct (1135 bytes)

VM state: not at safepoint (normal execution)

VM Mutex/Monitor currently owned by a thread: None

Heap address: 0x0000000080000000, size: 2048 MB, Compressed Oops mode: 32-bit

CDS archive(s) mapped at: [0x0000000800000000-0x0000000800bd0000-0x0000000800bd0000), size 12386304, SharedBaseAddress: 0x0000000800000000, ArchiveRelocationMode: 0.
Compressed class space mapped at: 0x0000000800c00000-0x000000081a800000, reserved size: 432013312
Narrow klass base: 0x0000000800000000, Narrow klass shift: 0, Narrow klass range: 0x100000000

GC Precious Log:
 CPUs: 8 total, 8 available
 Memory: 8067M
 Large Page Support: Disabled
 NUMA Support: Disabled
 Compressed Oops: Enabled (32-bit)
 Heap Region Size: 1M
 Heap Min Capacity: 8M
 Heap Initial Capacity: 128M
 Heap Max Capacity: 2G
 Pre-touch: Disabled
 Parallel Workers: 8
 Concurrent Workers: 2
 Concurrent Refinement Workers: 8
 Periodic GC: Disabled

Heap:
 garbage-first heap   total 215040K, used 116545K [0x0000000080000000, 0x0000000100000000)
  region size 1024K, 42 young (43008K), 2 survivors (2048K)
 Metaspace       used 74277K, committed 74944K, reserved 487424K
  class space    used 10109K, committed 10432K, reserved 421888K

Heap Regions: E=young(eden), S=young(survivor), O=old, HS=humongous(starts), HC=humongous(continues), CS=collection set, F=free, OA=open archive, CA=closed archive, TAMS=top-at-mark-start (previous, next)
|   0|0x0000000080000000, 0x0000000080100000, 0x0000000080100000|100%|HS|  |TAMS 0x0000000080100000, 0x0000000080000000| Complete 
|   1|0x0000000080100000, 0x0000000080200000, 0x0000000080200000|100%|HC|  |TAMS 0x0000000080200000, 0x0000000080100000| Complete 
|   2|0x0000000080200000, 0x0000000080300000, 0x0000000080300000|100%|HC|  |TAMS 0x0000000080300000, 0x0000000080200000| Complete 
|   3|0x0000000080300000, 0x0000000080400000, 0x0000000080400000|100%|HC|  |TAMS 0x0000000080400000, 0x0000000080300000| Complete 
|   4|0x0000000080400000, 0x0000000080500000, 0x0000000080500000|100%| O|  |TAMS 0x0000000080500000, 0x0000000080400000| Untracked 
|   5|0x0000000080500000, 0x0000000080500000, 0x0000000080600000|  0%| F|  |TAMS 0x0000000080500000, 0x0000000080500000| Untracked 
|   6|0x0000000080600000, 0x0000000080700000, 0x0000000080700000|100%| O|  |TAMS 0x0000000080700000, 0x0000000080600000| Untracked 
|   7|0x0000000080700000, 0x0000000080800000, 0x0000000080800000|100%| O|  |TAMS 0x0000000080800000, 0x0000000080700000| Untracked 
|   8|0x0000000080800000, 0x0000000080900000, 0x0000000080900000|100%| O|  |TAMS 0x0000000080900000, 0x0000000080800000| Untracked 
|   9|0x0000000080900000, 0x0000000080a00000, 0x0000000080a00000|100%| O|  |TAMS 0x0000000080a00000, 0x0000000080900000| Untracked 
|  10|0x0000000080a00000, 0x0000000080b00000, 0x0000000080b00000|100%| O|  |TAMS 0x0000000080b00000, 0x0000000080a00000| Untracked 
|  11|0x0000000080b00000, 0x0000000080c00000, 0x0000000080c00000|100%| O|  |TAMS 0x0000000080c00000, 0x0000000080b00000| Untracked 
|  12|0x0000000080c00000, 0x0000000080d00000, 0x0000000080d00000|100%| O|  |TAMS 0x0000000080d00000, 0x0000000080c00000| Untracked 
|  13|0x0000000080d00000, 0x0000000080e00000, 0x0000000080e00000|100%| O|  |TAMS 0x0000000080e00000, 0x0000000080d00000| Untracked 
|  14|0x0000000080e00000, 0x0000000080f00000, 0x0000000080f00000|100%| O|  |TAMS 0x0000000080f00000, 0x0000000080e00000| Untracked 
|  15|0x0000000080f00000, 0x0000000081000000, 0x0000000081000000|100%| O|  |TAMS 0x0000000081000000, 0x0000000080f00000| Untracked 
|  16|0x0000000081000000, 0x0000000081100000, 0x0000000081100000|100%| O|  |TAMS 0x0000000081100000, 0x0000000081000000| Untracked 
|  17|0x0000000081100000, 0x0000000081200000, 0x0000000081200000|100%| O|  |TAMS 0x0000000081200000, 0x0000000081100000| Untracked 
|  18|0x0000000081200000, 0x0000000081300000, 0x0000000081300000|100%| O|  |TAMS 0x0000000081300000, 0x0000000081200000| Untracked 
|  19|0x0000000081300000, 0x0000000081400000, 0x0000000081400000|100%| O|  |TAMS 0x0000000081400000, 0x0000000081300000| Untracked 
|  20|0x0000000081400000, 0x0000000081500000, 0x0000000081500000|100%| O|  |TAMS 0x0000000081500000, 0x0000000081400000| Untracked 
|  21|0x0000000081500000, 0x0000000081600000, 0x0000000081600000|100%| O|  |TAMS 0x0000000081600000, 0x0000000081500000| Untracked 
|  22|0x0000000081600000, 0x0000000081700000, 0x0000000081700000|100%| O|  |TAMS 0x0000000081700000, 0x0000000081600000| Untracked 
|  23|0x0000000081700000, 0x0000000081800000, 0x0000000081800000|100%| O|  |TAMS 0x0000000081800000, 0x0000000081700000| Untracked 
|  24|0x0000000081800000, 0x0000000081900000, 0x0000000081900000|100%| O|  |TAMS 0x0000000081900000, 0x0000000081800000| Untracked 
|  25|0x0000000081900000, 0x0000000081a00000, 0x0000000081a00000|100%| O|  |TAMS 0x0000000081a00000, 0x0000000081900000| Untracked 
|  26|0x0000000081a00000, 0x0000000081b00000, 0x0000000081b00000|100%| O|  |TAMS 0x0000000081b00000, 0x0000000081a00000| Untracked 
|  27|0x0000000081b00000, 0x0000000081c00000, 0x0000000081c00000|100%| O|  |TAMS 0x0000000081c00000, 0x0000000081b00000| Untracked 
|  28|0x0000000081c00000, 0x0000000081d00000, 0x0000000081d00000|100%| O|  |TAMS 0x0000000081d00000, 0x0000000081c00000| Untracked 
|  29|0x0000000081d00000, 0x0000000081e00000, 0x0000000081e00000|100%|HS|  |TAMS 0x0000000081e00000, 0x0000000081d00000| Complete 
|  30|0x0000000081e00000, 0x0000000081f00000, 0x0000000081f00000|100%|HC|  |TAMS 0x0000000081f00000, 0x0000000081e00000| Complete 
|  31|0x0000000081f00000, 0x0000000082000000, 0x0000000082000000|100%| O|  |TAMS 0x0000000082000000, 0x0000000081f00000| Untracked 
|  32|0x0000000082000000, 0x0000000082100000, 0x0000000082100000|100%| O|  |TAMS 0x0000000082100000, 0x0000000082000000| Untracked 
|  33|0x0000000082100000, 0x0000000082200000, 0x0000000082200000|100%| O|  |TAMS 0x0000000082200000, 0x0000000082100000| Untracked 
|  34|0x0000000082200000, 0x0000000082300000, 0x0000000082300000|100%| O|  |TAMS 0x0000000082300000, 0x0000000082200000| Untracked 
|  35|0x0000000082300000, 0x0000000082400000, 0x0000000082400000|100%| O|  |TAMS 0x0000000082400000, 0x0000000082300000| Untracked 
|  36|0x0000000082400000, 0x0000000082500000, 0x0000000082500000|100%| O|  |TAMS 0x0000000082500000, 0x0000000082400000| Untracked 
|  37|0x0000000082500000, 0x0000000082600000, 0x0000000082600000|100%|HS|  |TAMS 0x0000000082600000, 0x0000000082500000| Complete 
|  38|0x0000000082600000, 0x0000000082700000, 0x0000000082700000|100%|HC|  |TAMS 0x0000000082700000, 0x0000000082600000| Complete 
|  39|0x0000000082700000, 0x0000000082800000, 0x0000000082800000|100%|HC|  |TAMS 0x0000000082800000, 0x0000000082700000| Complete 
|  40|0x0000000082800000, 0x0000000082900000, 0x0000000082900000|100%|HC|  |TAMS 0x0000000082900000, 0x0000000082800000| Complete 
|  41|0x0000000082900000, 0x0000000082a00000, 0x0000000082a00000|100%| O|  |TAMS 0x0000000082a00000, 0x0000000082900000| Untracked 
|  42|0x0000000082a00000, 0x0000000082b00000, 0x0000000082b00000|100%| O|  |TAMS 0x0000000082b00000, 0x0000000082a00000| Untracked 
|  43|0x0000000082b00000, 0x0000000082c00000, 0x0000000082c00000|100%| O|  |TAMS 0x0000000082c00000, 0x0000000082b00000| Untracked 
|  44|0x0000000082c00000, 0x0000000082d00000, 0x0000000082d00000|100%| O|  |TAMS 0x0000000082d00000, 0x0000000082c00000| Untracked 
|  45|0x0000000082d00000, 0x0000000082e00000, 0x0000000082e00000|100%| O|  |TAMS 0x0000000082e00000, 0x0000000082d00000| Untracked 
|  46|0x0000000082e00000, 0x0000000082f00000, 0x0000000082f00000|100%| O|  |TAMS 0x0000000082f00000, 0x0000000082e00000| Untracked 
|  47|0x0000000082f00000, 0x0000000083000000, 0x0000000083000000|100%| O|  |TAMS 0x0000000083000000, 0x0000000082f00000| Untracked 
|  48|0x0000000083000000, 0x0000000083100000, 0x0000000083100000|100%|HS|  |TAMS 0x0000000083100000, 0x0000000083000000| Complete 
|  49|0x0000000083100000, 0x0000000083200000, 0x0000000083200000|100%| O|  |TAMS 0x0000000083200000, 0x0000000083100000| Untracked 
|  50|0x0000000083200000, 0x0000000083300000, 0x0000000083300000|100%| O|  |TAMS 0x0000000083300000, 0x0000000083200000| Untracked 
|  51|0x0000000083300000, 0x0000000083400000, 0x0000000083400000|100%| O|  |TAMS 0x0000000083400000, 0x0000000083300000| Untracked 
|  52|0x0000000083400000, 0x0000000083500000, 0x0000000083500000|100%| O|  |TAMS 0x0000000083500000, 0x0000000083400000| Untracked 
|  53|0x0000000083500000, 0x0000000083600000, 0x0000000083600000|100%| O|  |TAMS 0x0000000083600000, 0x0000000083500000| Untracked 
|  54|0x0000000083600000, 0x0000000083700000, 0x0000000083700000|100%| O|  |TAMS 0x0000000083700000, 0x0000000083600000| Untracked 
|  55|0x0000000083700000, 0x0000000083800000, 0x0000000083800000|100%| O|  |TAMS 0x0000000083800000, 0x0000000083700000| Untracked 
|  56|0x0000000083800000, 0x0000000083900000, 0x0000000083900000|100%| O|  |TAMS 0x0000000083900000, 0x0000000083800000| Untracked 
|  57|0x0000000083900000, 0x0000000083a00000, 0x0000000083a00000|100%| O|  |TAMS 0x0000000083a00000, 0x0000000083900000| Untracked 
|  58|0x0000000083a00000, 0x0000000083b00000, 0x0000000083b00000|100%| O|  |TAMS 0x0000000083b00000, 0x0000000083a00000| Untracked 
|  59|0x0000000083b00000, 0x0000000083c00000, 0x0000000083c00000|100%| O|  |TAMS 0x0000000083c00000, 0x0000000083b00000| Untracked 
|  60|0x0000000083c00000, 0x0000000083c00000, 0x0000000083d00000|  0%| F|  |TAMS 0x0000000083c00000, 0x0000000083c00000| Untracked 
|  61|0x0000000083d00000, 0x0000000083e00000, 0x0000000083e00000|100%| O|  |TAMS 0x0000000083d00000, 0x0000000083d00000| Untracked 
|  62|0x0000000083e00000, 0x0000000083f00000, 0x0000000083f00000|100%|HS|  |TAMS 0x0000000083f00000, 0x0000000083e00000| Complete 
|  63|0x0000000083f00000, 0x0000000084000000, 0x0000000084000000|100%| O|  |TAMS 0x0000000083f00000, 0x0000000083f00000| Untracked 
|  64|0x0000000084000000, 0x0000000084100000, 0x0000000084100000|100%| O|  |TAMS 0x0000000084000000, 0x0000000084000000| Untracked 
|  65|0x0000000084100000, 0x0000000084200000, 0x0000000084200000|100%| O|  |TAMS 0x0000000084100000, 0x0000000084100000| Untracked 
|  66|0x0000000084200000, 0x0000000084300000, 0x0000000084300000|100%| O|  |TAMS 0x0000000084200000, 0x0000000084200000| Untracked 
|  67|0x0000000084300000, 0x0000000084400000, 0x0000000084400000|100%| O|  |TAMS 0x0000000084300000, 0x0000000084300000| Untracked 
|  68|0x0000000084400000, 0x0000000084500000, 0x0000000084500000|100%| O|  |TAMS 0x0000000084400000, 0x0000000084400000| Untracked 
|  69|0x0000000084500000, 0x0000000084600000, 0x0000000084600000|100%| O|  |TAMS 0x0000000084500000, 0x0000000084500000| Untracked 
|  70|0x0000000084600000, 0x0000000084700000, 0x0000000084700000|100%| O|  |TAMS 0x0000000084600000, 0x0000000084600000| Untracked 
|  71|0x0000000084700000, 0x0000000084800000, 0x0000000084800000|100%| O|  |TAMS 0x0000000084700000, 0x0000000084700000| Untracked 
|  72|0x0000000084800000, 0x0000000084900000, 0x0000000084900000|100%| O|  |TAMS 0x0000000084800000, 0x0000000084800000| Untracked 
|  73|0x0000000084900000, 0x0000000084a00000, 0x0000000084a00000|100%| O|  |TAMS 0x0000000084900000, 0x0000000084900000| Untracked 
|  74|0x0000000084a00000, 0x0000000084b00000, 0x0000000084b00000|100%| O|  |TAMS 0x0000000084a00000, 0x0000000084a00000| Untracked 
|  75|0x0000000084b00000, 0x0000000084baaa00, 0x0000000084c00000| 66%| O|  |TAMS 0x0000000084b00000, 0x0000000084b00000| Untracked 
|  76|0x0000000084c00000, 0x0000000084c00000, 0x0000000084d00000|  0%| F|  |TAMS 0x0000000084c00000, 0x0000000084c00000| Untracked 
|  77|0x0000000084d00000, 0x0000000084d00000, 0x0000000084e00000|  0%| F|  |TAMS 0x0000000084d00000, 0x0000000084d00000| Untracked 
|  78|0x0000000084e00000, 0x0000000084e00000, 0x0000000084f00000|  0%| F|  |TAMS 0x0000000084e00000, 0x0000000084e00000| Untracked 
|  79|0x0000000084f00000, 0x0000000084f00000, 0x0000000085000000|  0%| F|  |TAMS 0x0000000084f00000, 0x0000000084f00000| Untracked 
|  80|0x0000000085000000, 0x0000000085000000, 0x0000000085100000|  0%| F|  |TAMS 0x0000000085000000, 0x0000000085000000| Untracked 
|  81|0x0000000085100000, 0x0000000085100000, 0x0000000085200000|  0%| F|  |TAMS 0x0000000085100000, 0x0000000085100000| Untracked 
|  82|0x0000000085200000, 0x0000000085200000, 0x0000000085300000|  0%| F|  |TAMS 0x0000000085200000, 0x0000000085200000| Untracked 
|  83|0x0000000085300000, 0x0000000085300000, 0x0000000085400000|  0%| F|  |TAMS 0x0000000085300000, 0x0000000085300000| Untracked 
|  84|0x0000000085400000, 0x0000000085400000, 0x0000000085500000|  0%| F|  |TAMS 0x0000000085400000, 0x0000000085400000| Untracked 
|  85|0x0000000085500000, 0x0000000085500000, 0x0000000085600000|  0%| F|  |TAMS 0x0000000085500000, 0x0000000085500000| Untracked 
|  86|0x0000000085600000, 0x0000000085600000, 0x0000000085700000|  0%| F|  |TAMS 0x0000000085600000, 0x0000000085600000| Untracked 
|  87|0x0000000085700000, 0x0000000085700000, 0x0000000085800000|  0%| F|  |TAMS 0x0000000085700000, 0x0000000085700000| Untracked 
|  88|0x0000000085800000, 0x0000000085800000, 0x0000000085900000|  0%| F|  |TAMS 0x0000000085800000, 0x0000000085800000| Untracked 
|  89|0x0000000085900000, 0x0000000085900000, 0x0000000085a00000|  0%| F|  |TAMS 0x0000000085900000, 0x0000000085900000| Untracked 
|  90|0x0000000085a00000, 0x0000000085a00000, 0x0000000085b00000|  0%| F|  |TAMS 0x0000000085a00000, 0x0000000085a00000| Untracked 
|  91|0x0000000085b00000, 0x0000000085b00000, 0x0000000085c00000|  0%| F|  |TAMS 0x0000000085b00000, 0x0000000085b00000| Untracked 
|  92|0x0000000085c00000, 0x0000000085c00000, 0x0000000085d00000|  0%| F|  |TAMS 0x0000000085c00000, 0x0000000085c00000| Untracked 
|  93|0x0000000085d00000, 0x0000000085d00000, 0x0000000085e00000|  0%| F|  |TAMS 0x0000000085d00000, 0x0000000085d00000| Untracked 
|  94|0x0000000085e00000, 0x0000000085e00000, 0x0000000085f00000|  0%| F|  |TAMS 0x0000000085e00000, 0x0000000085e00000| Untracked 
|  95|0x0000000085f00000, 0x0000000085f00000, 0x0000000086000000|  0%| F|  |TAMS 0x0000000085f00000, 0x0000000085f00000| Untracked 
|  96|0x0000000086000000, 0x0000000086000000, 0x0000000086100000|  0%| F|  |TAMS 0x0000000086000000, 0x0000000086000000| Untracked 
|  97|0x0000000086100000, 0x0000000086100000, 0x0000000086200000|  0%| F|  |TAMS 0x0000000086100000, 0x0000000086100000| Untracked 
|  98|0x0000000086200000, 0x0000000086200000, 0x0000000086300000|  0%| F|  |TAMS 0x0000000086200000, 0x0000000086200000| Untracked 
|  99|0x0000000086300000, 0x0000000086300000, 0x0000000086400000|  0%| F|  |TAMS 0x0000000086300000, 0x0000000086300000| Untracked 
| 100|0x0000000086400000, 0x0000000086400000, 0x0000000086500000|  0%| F|  |TAMS 0x0000000086400000, 0x0000000086400000| Untracked 
| 101|0x0000000086500000, 0x0000000086500000, 0x0000000086600000|  0%| F|  |TAMS 0x0000000086500000, 0x0000000086500000| Untracked 
| 102|0x0000000086600000, 0x0000000086600000, 0x0000000086700000|  0%| F|  |TAMS 0x0000000086600000, 0x0000000086600000| Untracked 
| 103|0x0000000086700000, 0x0000000086700000, 0x0000000086800000|  0%| F|  |TAMS 0x0000000086700000, 0x0000000086700000| Untracked 
| 104|0x0000000086800000, 0x0000000086800000, 0x0000000086900000|  0%| F|  |TAMS 0x0000000086800000, 0x0000000086800000| Untracked 
| 105|0x0000000086900000, 0x0000000086900000, 0x0000000086a00000|  0%| F|  |TAMS 0x0000000086900000, 0x0000000086900000| Untracked 
| 106|0x0000000086a00000, 0x0000000086a00000, 0x0000000086b00000|  0%| F|  |TAMS 0x0000000086a00000, 0x0000000086a00000| Untracked 
| 107|0x0000000086b00000, 0x0000000086b00000, 0x0000000086c00000|  0%| F|  |TAMS 0x0000000086b00000, 0x0000000086b00000| Untracked 
| 108|0x0000000086c00000, 0x0000000086c00000, 0x0000000086d00000|  0%| F|  |TAMS 0x0000000086c00000, 0x0000000086c00000| Untracked 
| 109|0x0000000086d00000, 0x0000000086d00000, 0x0000000086e00000|  0%| F|  |TAMS 0x0000000086d00000, 0x0000000086d00000| Untracked 
| 110|0x0000000086e00000, 0x0000000086e00000, 0x0000000086f00000|  0%| F|  |TAMS 0x0000000086e00000, 0x0000000086e00000| Untracked 
| 111|0x0000000086f00000, 0x0000000086f00000, 0x0000000087000000|  0%| F|  |TAMS 0x0000000086f00000, 0x0000000086f00000| Untracked 
| 112|0x0000000087000000, 0x0000000087000000, 0x0000000087100000|  0%| F|  |TAMS 0x0000000087000000, 0x0000000087000000| Untracked 
| 113|0x0000000087100000, 0x0000000087100000, 0x0000000087200000|  0%| F|  |TAMS 0x0000000087100000, 0x0000000087100000| Untracked 
| 114|0x0000000087200000, 0x0000000087200000, 0x0000000087300000|  0%| F|  |TAMS 0x0000000087200000, 0x0000000087200000| Untracked 
| 115|0x0000000087300000, 0x0000000087300000, 0x0000000087400000|  0%| F|  |TAMS 0x0000000087300000, 0x0000000087300000| Untracked 
| 116|0x0000000087400000, 0x0000000087400000, 0x0000000087500000|  0%| F|  |TAMS 0x0000000087400000, 0x0000000087400000| Untracked 
| 117|0x0000000087500000, 0x0000000087500000, 0x0000000087600000|  0%| F|  |TAMS 0x0000000087500000, 0x0000000087500000| Untracked 
| 118|0x0000000087600000, 0x0000000087600000, 0x0000000087700000|  0%| F|  |TAMS 0x0000000087600000, 0x0000000087600000| Untracked 
| 119|0x0000000087700000, 0x0000000087700000, 0x0000000087800000|  0%| F|  |TAMS 0x0000000087700000, 0x0000000087700000| Untracked 
| 120|0x0000000087800000, 0x0000000087800000, 0x0000000087900000|  0%| F|  |TAMS 0x0000000087800000, 0x0000000087800000| Untracked 
| 121|0x0000000087900000, 0x0000000087900000, 0x0000000087a00000|  0%| F|  |TAMS 0x0000000087900000, 0x0000000087900000| Untracked 
| 122|0x0000000087a00000, 0x0000000087a00000, 0x0000000087b00000|  0%| F|  |TAMS 0x0000000087a00000, 0x0000000087a00000| Untracked 
| 123|0x0000000087b00000, 0x0000000087b00000, 0x0000000087c00000|  0%| F|  |TAMS 0x0000000087b00000, 0x0000000087b00000| Untracked 
| 124|0x0000000087c00000, 0x0000000087c00000, 0x0000000087d00000|  0%| F|  |TAMS 0x0000000087c00000, 0x0000000087c00000| Untracked 
| 125|0x0000000087d00000, 0x0000000087d00000, 0x0000000087e00000|  0%| F|  |TAMS 0x0000000087d00000, 0x0000000087d00000| Untracked 
| 126|0x0000000087e00000, 0x0000000087e00000, 0x0000000087f00000|  0%| F|  |TAMS 0x0000000087e00000, 0x0000000087e00000| Untracked 
| 127|0x0000000087f00000, 0x0000000087f00000, 0x0000000088000000|  0%| F|  |TAMS 0x0000000087f00000, 0x0000000087f00000| Untracked 
| 128|0x0000000088000000, 0x0000000088000000, 0x0000000088100000|  0%| F|  |TAMS 0x0000000088000000, 0x0000000088000000| Untracked 
| 129|0x0000000088100000, 0x0000000088100000, 0x0000000088200000|  0%| F|  |TAMS 0x0000000088100000, 0x0000000088100000| Untracked 
| 130|0x0000000088200000, 0x0000000088200000, 0x0000000088300000|  0%| F|  |TAMS 0x0000000088200000, 0x0000000088200000| Untracked 
| 131|0x0000000088300000, 0x0000000088300000, 0x0000000088400000|  0%| F|  |TAMS 0x0000000088300000, 0x0000000088300000| Untracked 
| 132|0x0000000088400000, 0x0000000088400000, 0x0000000088500000|  0%| F|  |TAMS 0x0000000088400000, 0x0000000088400000| Untracked 
| 133|0x0000000088500000, 0x0000000088500000, 0x0000000088600000|  0%| F|  |TAMS 0x0000000088500000, 0x0000000088500000| Untracked 
| 134|0x0000000088600000, 0x0000000088600000, 0x0000000088700000|  0%| F|  |TAMS 0x0000000088600000, 0x0000000088600000| Untracked 
| 135|0x0000000088700000, 0x0000000088700000, 0x0000000088800000|  0%| F|  |TAMS 0x0000000088700000, 0x0000000088700000| Untracked 
| 136|0x0000000088800000, 0x0000000088800000, 0x0000000088900000|  0%| F|  |TAMS 0x0000000088800000, 0x0000000088800000| Untracked 
| 137|0x0000000088900000, 0x0000000088900000, 0x0000000088a00000|  0%| F|  |TAMS 0x0000000088900000, 0x0000000088900000| Untracked 
| 138|0x0000000088a00000, 0x0000000088a00000, 0x0000000088b00000|  0%| F|  |TAMS 0x0000000088a00000, 0x0000000088a00000| Untracked 
| 139|0x0000000088b00000, 0x0000000088b00000, 0x0000000088c00000|  0%| F|  |TAMS 0x0000000088b00000, 0x0000000088b00000| Untracked 
| 140|0x0000000088c00000, 0x0000000088c00000, 0x0000000088d00000|  0%| F|  |TAMS 0x0000000088c00000, 0x0000000088c00000| Untracked 
| 141|0x0000000088d00000, 0x0000000088d00000, 0x0000000088e00000|  0%| F|  |TAMS 0x0000000088d00000, 0x0000000088d00000| Untracked 
| 142|0x0000000088e00000, 0x0000000088e00000, 0x0000000088f00000|  0%| F|  |TAMS 0x0000000088e00000, 0x0000000088e00000| Untracked 
| 143|0x0000000088f00000, 0x0000000088f00000, 0x0000000089000000|  0%| F|  |TAMS 0x0000000088f00000, 0x0000000088f00000| Untracked 
| 144|0x0000000089000000, 0x0000000089000000, 0x0000000089100000|  0%| F|  |TAMS 0x0000000089000000, 0x0000000089000000| Untracked 
| 145|0x0000000089100000, 0x0000000089100000, 0x0000000089200000|  0%| F|  |TAMS 0x0000000089100000, 0x0000000089100000| Untracked 
| 146|0x0000000089200000, 0x0000000089200000, 0x0000000089300000|  0%| F|  |TAMS 0x0000000089200000, 0x0000000089200000| Untracked 
| 147|0x0000000089300000, 0x0000000089300000, 0x0000000089400000|  0%| F|  |TAMS 0x0000000089300000, 0x0000000089300000| Untracked 
| 148|0x0000000089400000, 0x0000000089400000, 0x0000000089500000|  0%| F|  |TAMS 0x0000000089400000, 0x0000000089400000| Untracked 
| 149|0x0000000089500000, 0x0000000089500000, 0x0000000089600000|  0%| F|  |TAMS 0x0000000089500000, 0x0000000089500000| Untracked 
| 150|0x0000000089600000, 0x0000000089600000, 0x0000000089700000|  0%| F|  |TAMS 0x0000000089600000, 0x0000000089600000| Untracked 
| 151|0x0000000089700000, 0x0000000089700000, 0x0000000089800000|  0%| F|  |TAMS 0x0000000089700000, 0x0000000089700000| Untracked 
| 152|0x0000000089800000, 0x0000000089800000, 0x0000000089900000|  0%| F|  |TAMS 0x0000000089800000, 0x0000000089800000| Untracked 
| 153|0x0000000089900000, 0x0000000089900000, 0x0000000089a00000|  0%| F|  |TAMS 0x0000000089900000, 0x0000000089900000| Untracked 
| 154|0x0000000089a00000, 0x0000000089a00000, 0x0000000089b00000|  0%| F|  |TAMS 0x0000000089a00000, 0x0000000089a00000| Untracked 
| 155|0x0000000089b00000, 0x0000000089b00000, 0x0000000089c00000|  0%| F|  |TAMS 0x0000000089b00000, 0x0000000089b00000| Untracked 
| 156|0x0000000089c00000, 0x0000000089c00000, 0x0000000089d00000|  0%| F|  |TAMS 0x0000000089c00000, 0x0000000089c00000| Untracked 
| 157|0x0000000089d00000, 0x0000000089d00000, 0x0000000089e00000|  0%| F|  |TAMS 0x0000000089d00000, 0x0000000089d00000| Untracked 
| 158|0x0000000089e00000, 0x0000000089e00000, 0x0000000089f00000|  0%| F|  |TAMS 0x0000000089e00000, 0x0000000089e00000| Untracked 
| 159|0x0000000089f00000, 0x0000000089f00000, 0x000000008a000000|  0%| F|  |TAMS 0x0000000089f00000, 0x0000000089f00000| Untracked 
| 160|0x000000008a000000, 0x000000008a000000, 0x000000008a100000|  0%| F|  |TAMS 0x000000008a000000, 0x000000008a000000| Untracked 
| 161|0x000000008a100000, 0x000000008a100000, 0x000000008a200000|  0%| F|  |TAMS 0x000000008a100000, 0x000000008a100000| Untracked 
| 162|0x000000008a200000, 0x000000008a200000, 0x000000008a300000|  0%| F|  |TAMS 0x000000008a200000, 0x000000008a200000| Untracked 
| 163|0x000000008a300000, 0x000000008a300000, 0x000000008a400000|  0%| F|  |TAMS 0x000000008a300000, 0x000000008a300000| Untracked 
| 164|0x000000008a400000, 0x000000008a400000, 0x000000008a500000|  0%| F|  |TAMS 0x000000008a400000, 0x000000008a400000| Untracked 
| 165|0x000000008a500000, 0x000000008a500000, 0x000000008a600000|  0%| F|  |TAMS 0x000000008a500000, 0x000000008a500000| Untracked 
| 166|0x000000008a600000, 0x000000008a600000, 0x000000008a700000|  0%| F|  |TAMS 0x000000008a600000, 0x000000008a600000| Untracked 
| 167|0x000000008a700000, 0x000000008a700000, 0x000000008a800000|  0%| F|  |TAMS 0x000000008a700000, 0x000000008a700000| Untracked 
| 168|0x000000008a800000, 0x000000008a83bfd8, 0x000000008a900000| 23%| E|  |TAMS 0x000000008a800000, 0x000000008a800000| Complete 
| 169|0x000000008a900000, 0x000000008aa00000, 0x000000008aa00000|100%| E|CS|TAMS 0x000000008a900000, 0x000000008a900000| Complete 
| 170|0x000000008aa00000, 0x000000008ab00000, 0x000000008ab00000|100%| E|CS|TAMS 0x000000008aa00000, 0x000000008aa00000| Complete 
| 171|0x000000008ab00000, 0x000000008ac00000, 0x000000008ac00000|100%| E|CS|TAMS 0x000000008ab00000, 0x000000008ab00000| Complete 
| 172|0x000000008ac00000, 0x000000008ad00000, 0x000000008ad00000|100%| E|CS|TAMS 0x000000008ac00000, 0x000000008ac00000| Complete 
| 173|0x000000008ad00000, 0x000000008ae00000, 0x000000008ae00000|100%| E|CS|TAMS 0x000000008ad00000, 0x000000008ad00000| Complete 
| 174|0x000000008ae00000, 0x000000008af00000, 0x000000008af00000|100%| E|CS|TAMS 0x000000008ae00000, 0x000000008ae00000| Complete 
| 175|0x000000008af00000, 0x000000008b000000, 0x000000008b000000|100%| E|CS|TAMS 0x000000008af00000, 0x000000008af00000| Complete 
| 176|0x000000008b000000, 0x000000008b100000, 0x000000008b100000|100%| E|CS|TAMS 0x000000008b000000, 0x000000008b000000| Complete 
| 177|0x000000008b100000, 0x000000008b200000, 0x000000008b200000|100%| E|CS|TAMS 0x000000008b100000, 0x000000008b100000| Complete 
| 178|0x000000008b200000, 0x000000008b300000, 0x000000008b300000|100%| E|CS|TAMS 0x000000008b200000, 0x000000008b200000| Complete 
| 179|0x000000008b300000, 0x000000008b400000, 0x000000008b400000|100%| E|CS|TAMS 0x000000008b300000, 0x000000008b300000| Complete 
| 180|0x000000008b400000, 0x000000008b500000, 0x000000008b500000|100%| E|CS|TAMS 0x000000008b400000, 0x000000008b400000| Complete 
| 181|0x000000008b500000, 0x000000008b600000, 0x000000008b600000|100%| E|CS|TAMS 0x000000008b500000, 0x000000008b500000| Complete 
| 182|0x000000008b600000, 0x000000008b700000, 0x000000008b700000|100%| E|CS|TAMS 0x000000008b600000, 0x000000008b600000| Complete 
| 183|0x000000008b700000, 0x000000008b800000, 0x000000008b800000|100%| E|CS|TAMS 0x000000008b700000, 0x000000008b700000| Complete 
| 184|0x000000008b800000, 0x000000008b900000, 0x000000008b900000|100%| E|CS|TAMS 0x000000008b800000, 0x000000008b800000| Complete 
| 185|0x000000008b900000, 0x000000008ba00000, 0x000000008ba00000|100%| E|CS|TAMS 0x000000008b900000, 0x000000008b900000| Complete 
| 186|0x000000008ba00000, 0x000000008bb00000, 0x000000008bb00000|100%| E|CS|TAMS 0x000000008ba00000, 0x000000008ba00000| Complete 
| 187|0x000000008bb00000, 0x000000008bc00000, 0x000000008bc00000|100%| E|CS|TAMS 0x000000008bb00000, 0x000000008bb00000| Complete 
| 188|0x000000008bc00000, 0x000000008bd00000, 0x000000008bd00000|100%| E|CS|TAMS 0x000000008bc00000, 0x000000008bc00000| Complete 
| 189|0x000000008bd00000, 0x000000008be00000, 0x000000008be00000|100%| E|CS|TAMS 0x000000008bd00000, 0x000000008bd00000| Complete 
| 190|0x000000008be00000, 0x000000008bf00000, 0x000000008bf00000|100%| E|CS|TAMS 0x000000008be00000, 0x000000008be00000| Complete 
| 191|0x000000008bf00000, 0x000000008c000000, 0x000000008c000000|100%| E|CS|TAMS 0x000000008bf00000, 0x000000008bf00000| Complete 
| 192|0x000000008c000000, 0x000000008c100000, 0x000000008c100000|100%| E|CS|TAMS 0x000000008c000000, 0x000000008c000000| Complete 
| 193|0x000000008c100000, 0x000000008c200000, 0x000000008c200000|100%| E|CS|TAMS 0x000000008c100000, 0x000000008c100000| Complete 
| 194|0x000000008c200000, 0x000000008c300000, 0x000000008c300000|100%| E|CS|TAMS 0x000000008c200000, 0x000000008c200000| Complete 
| 195|0x000000008c300000, 0x000000008c400000, 0x000000008c400000|100%| E|CS|TAMS 0x000000008c300000, 0x000000008c300000| Complete 
| 196|0x000000008c400000, 0x000000008c500000, 0x000000008c500000|100%| E|CS|TAMS 0x000000008c400000, 0x000000008c400000| Complete 
| 197|0x000000008c500000, 0x000000008c600000, 0x000000008c600000|100%| E|CS|TAMS 0x000000008c500000, 0x000000008c500000| Complete 
| 198|0x000000008c600000, 0x000000008c700000, 0x000000008c700000|100%| E|CS|TAMS 0x000000008c600000, 0x000000008c600000| Complete 
| 199|0x000000008c700000, 0x000000008c800000, 0x000000008c800000|100%| E|CS|TAMS 0x000000008c700000, 0x000000008c700000| Complete 
| 200|0x000000008c800000, 0x000000008c900000, 0x000000008c900000|100%| E|CS|TAMS 0x000000008c800000, 0x000000008c800000| Complete 
| 201|0x000000008c900000, 0x000000008ca00000, 0x000000008ca00000|100%| E|CS|TAMS 0x000000008c900000, 0x000000008c900000| Complete 
| 202|0x000000008ca00000, 0x000000008cb00000, 0x000000008cb00000|100%| E|CS|TAMS 0x000000008ca00000, 0x000000008ca00000| Complete 
| 203|0x000000008cb00000, 0x000000008cc00000, 0x000000008cc00000|100%| E|CS|TAMS 0x000000008cb00000, 0x000000008cb00000| Complete 
| 204|0x000000008cc00000, 0x000000008cd00000, 0x000000008cd00000|100%| E|CS|TAMS 0x000000008cc00000, 0x000000008cc00000| Complete 
| 205|0x000000008cd00000, 0x000000008ce00000, 0x000000008ce00000|100%| E|CS|TAMS 0x000000008cd00000, 0x000000008cd00000| Complete 
| 206|0x000000008ce00000, 0x000000008cf00000, 0x000000008cf00000|100%| E|CS|TAMS 0x000000008ce00000, 0x000000008ce00000| Complete 
| 207|0x000000008cf00000, 0x000000008cf25b58, 0x000000008d000000| 14%| S|CS|TAMS 0x000000008cf00000, 0x000000008cf00000| Complete 
| 208|0x000000008d000000, 0x000000008d100000, 0x000000008d100000|100%| S|CS|TAMS 0x000000008d000000, 0x000000008d000000| Complete 
| 209|0x000000008d100000, 0x000000008d200000, 0x000000008d200000|100%| E|CS|TAMS 0x000000008d100000, 0x000000008d100000| Complete 

Card table byte_map: [0x000001880f730000,0x000001880fb30000] _byte_map_base: 0x000001880f330000

Marking Bits (Prev, Next): (CMBitMap*) 0x000001887529bc40, (CMBitMap*) 0x000001887529bc80
 Prev Bits: [0x000001880ff30000, 0x0000018811f30000)
 Next Bits: [0x0000018811f30000, 0x0000018813f30000)

Polling page: 0x000001887f850000

Metaspace:

Usage:
  Non-class:     62.66 MB used.
      Class:      9.87 MB used.
       Both:     72.54 MB used.

Virtual space:
  Non-class space:       64.00 MB reserved,      63.00 MB ( 98%) committed,  8 nodes.
      Class space:      412.00 MB reserved,      10.19 MB (  2%) committed,  1 nodes.
             Both:      476.00 MB reserved,      73.19 MB ( 15%) committed. 

Chunk freelists:
   Non-Class:  833.00 KB
       Class:  1.81 MB
        Both:  2.63 MB

MaxMetaspaceSize: 512.00 MB
CompressedClassSpaceSize: 412.00 MB
Initial GC threshold: 21.00 MB
Current GC threshold: 105.56 MB
CDS: on
MetaspaceReclaimPolicy: balanced
 - commit_granule_bytes: 65536.
 - commit_granule_words: 8192.
 - virtual_space_node_default_size: 1048576.
 - enlarge_chunks_in_place: 1.
 - new_chunks_are_fully_committed: 0.
 - uncommit_free_chunks: 1.
 - use_allocation_guard: 0.
 - handle_deallocations: 1.


Internal statistics:

num_allocs_failed_limit: 6.
num_arena_births: 828.
num_arena_deaths: 0.
num_vsnodes_births: 9.
num_vsnodes_deaths: 0.
num_space_committed: 1171.
num_space_uncommitted: 0.
num_chunks_returned_to_freelist: 6.
num_chunks_taken_from_freelist: 3797.
num_chunk_merges: 6.
num_chunk_splits: 2561.
num_chunks_enlarged: 1765.
num_purges: 0.
num_inconsistent_stats: 0.

CodeHeap 'non-profiled nmethods': size=120000Kb used=4869Kb max_used=4869Kb free=115131Kb
 bounds [0x0000018807ad0000, 0x0000018807fa0000, 0x000001880f000000]
CodeHeap 'profiled nmethods': size=120000Kb used=16070Kb max_used=16460Kb free=103929Kb
 bounds [0x00000188005a0000, 0x00000188015c0000, 0x0000018807ad0000]
CodeHeap 'non-nmethods': size=5760Kb used=2387Kb max_used=2525Kb free=3372Kb
 bounds [0x0000018800000000, 0x0000018800280000, 0x00000188005a0000]
 total_blobs=9213 nmethods=8293 adapters=832
 compilation: enabled
              stopped_count=0, restarted_count=0
 full_count=0

Compilation events (20 events):
Event: 85.749 Thread 0x00000188169f7f50 nmethod 9741 0x0000018800b49f90 code [0x0000018800b4a180, 0x0000018800b4a608]
Event: 85.749 Thread 0x00000188169f7f50 9742   !   3       org.gradle.internal.event.AbstractBroadcastDispatch::dispatch (191 bytes)
Event: 85.750 Thread 0x00000188169f7f50 nmethod 9742 0x00000188005b7290 code [0x00000188005b7600, 0x00000188005b9218]
Event: 86.137 Thread 0x00000188169f74b0 9743       4       sun.nio.ch.FileKey::hashCode (42 bytes)
Event: 86.138 Thread 0x00000188169f74b0 nmethod 9743 0x0000018807f28310 code [0x0000018807f28480, 0x0000018807f28538]
Event: 86.279 Thread 0x00000188169f74b0 9744   !   4       java.util.concurrent.locks.AbstractQueuedSynchronizer::acquire (407 bytes)
Event: 86.332 Thread 0x00000188169f74b0 nmethod 9744 0x0000018807eb7d10 code [0x0000018807eb7f60, 0x0000018807eba450]
Event: 90.743 Thread 0x00000188169f7f50 9745       3       java.util.concurrent.locks.ReentrantReadWriteLock$ReadLock::lock (9 bytes)
Event: 90.744 Thread 0x00000188169f7f50 nmethod 9745 0x00000188006a1e10 code [0x00000188006a1fc0, 0x00000188006a2108]
Event: 90.744 Thread 0x00000188169f7f50 9746       3       java.util.concurrent.locks.AbstractQueuedSynchronizer::acquireShared (20 bytes)
Event: 90.744 Thread 0x00000188169f7f50 nmethod 9746 0x0000018800b49910 code [0x0000018800b49ac0, 0x0000018800b49d38]
Event: 90.744 Thread 0x00000188169f7f50 9747       3       java.util.concurrent.locks.ReentrantReadWriteLock$Sync::tryAcquireShared (177 bytes)
Event: 90.744 Thread 0x00000188169f7f50 nmethod 9747 0x0000018800cf8c10 code [0x0000018800cf8e60, 0x0000018800cf99a8]
Event: 90.744 Thread 0x00000188169f7f50 9748       3       java.util.concurrent.locks.ReentrantReadWriteLock$Sync::sharedCount (5 bytes)
Event: 90.744 Thread 0x00000188169f7f50 nmethod 9748 0x0000018800d20190 code [0x0000018800d20320, 0x0000018800d20418]
Event: 90.744 Thread 0x00000188169f7f50 9749       3       java.util.concurrent.locks.ReentrantReadWriteLock$ReadLock::unlock (10 bytes)
Event: 90.745 Thread 0x00000188169f7f50 nmethod 9749 0x0000018800cf8610 code [0x0000018800cf87e0, 0x0000018800cf8ab8]
Event: 90.745 Thread 0x00000188169f7f50 9750       3       java.util.concurrent.locks.ReentrantReadWriteLock$Sync::tryReleaseShared (146 bytes)
Event: 90.745 Thread 0x00000188169f7f50 nmethod 9750 0x0000018800f44f10 code [0x0000018800f45160, 0x0000018800f45c98]
Event: 94.163 Thread 0x00000188169f74b0 9751       4       javax.management.ObjectName::construct (1135 bytes)

GC Heap History (20 events):
Event: 51.190 GC heap before
{Heap before GC invocations=21 (full 0):
 garbage-first heap   total 94208K, used 56058K [0x0000000080000000, 0x0000000100000000)
  region size 1024K, 4 young (4096K), 2 survivors (2048K)
 Metaspace       used 56332K, committed 56960K, reserved 479232K
  class space    used 7835K, committed 8128K, reserved 421888K
}
Event: 51.192 GC heap after
{Heap after GC invocations=22 (full 0):
 garbage-first heap   total 94208K, used 54348K [0x0000000080000000, 0x0000000100000000)
  region size 1024K, 1 young (1024K), 1 survivors (1024K)
 Metaspace       used 56332K, committed 56960K, reserved 479232K
  class space    used 7835K, committed 8128K, reserved 421888K
}
Event: 56.115 GC heap before
{Heap before GC invocations=22 (full 0):
 garbage-first heap   total 94208K, used 76876K [0x0000000080000000, 0x0000000100000000)
  region size 1024K, 23 young (23552K), 1 survivors (1024K)
 Metaspace       used 57848K, committed 58432K, reserved 479232K
  class space    used 8084K, committed 8384K, reserved 421888K
}
Event: 56.119 GC heap after
{Heap after GC invocations=23 (full 0):
 garbage-first heap   total 94208K, used 56028K [0x0000000080000000, 0x0000000100000000)
  region size 1024K, 2 young (2048K), 2 survivors (2048K)
 Metaspace       used 57848K, committed 58432K, reserved 479232K
  class space    used 8084K, committed 8384K, reserved 421888K
}
Event: 59.822 GC heap before
{Heap before GC invocations=24 (full 0):
 garbage-first heap   total 96256K, used 76508K [0x0000000080000000, 0x0000000100000000)
  region size 1024K, 23 young (23552K), 2 survivors (2048K)
 Metaspace       used 59348K, committed 59968K, reserved 479232K
  class space    used 8299K, committed 8576K, reserved 421888K
}
Event: 59.830 GC heap after
{Heap after GC invocations=25 (full 0):
 garbage-first heap   total 96256K, used 58571K [0x0000000080000000, 0x0000000100000000)
  region size 1024K, 3 young (3072K), 3 survivors (3072K)
 Metaspace       used 59348K, committed 59968K, reserved 479232K
  class space    used 8299K, committed 8576K, reserved 421888K
}
Event: 59.877 GC heap before
{Heap before GC invocations=25 (full 0):
 garbage-first heap   total 96256K, used 59595K [0x0000000080000000, 0x0000000100000000)
  region size 1024K, 4 young (4096K), 3 survivors (3072K)
 Metaspace       used 59451K, committed 60096K, reserved 479232K
  class space    used 8317K, committed 8640K, reserved 421888K
}
Event: 59.883 GC heap after
{Heap after GC invocations=26 (full 0):
 garbage-first heap   total 96256K, used 58295K [0x0000000080000000, 0x0000000100000000)
  region size 1024K, 1 young (1024K), 1 survivors (1024K)
 Metaspace       used 59451K, committed 60096K, reserved 479232K
  class space    used 8317K, committed 8640K, reserved 421888K
}
Event: 60.574 GC heap before
{Heap before GC invocations=26 (full 0):
 garbage-first heap   total 96256K, used 77751K [0x0000000080000000, 0x0000000100000000)
  region size 1024K, 21 young (21504K), 1 survivors (1024K)
 Metaspace       used 61200K, committed 61824K, reserved 479232K
  class space    used 8540K, committed 8832K, reserved 421888K
}
Event: 60.579 GC heap after
{Heap after GC invocations=27 (full 0):
 garbage-first heap   total 96256K, used 60271K [0x0000000080000000, 0x0000000100000000)
  region size 1024K, 3 young (3072K), 3 survivors (3072K)
 Metaspace       used 61200K, committed 61824K, reserved 479232K
  class space    used 8540K, committed 8832K, reserved 421888K
}
Event: 61.609 GC heap before
{Heap before GC invocations=28 (full 0):
 garbage-first heap   total 107520K, used 76655K [0x0000000080000000, 0x0000000100000000)
  region size 1024K, 20 young (20480K), 3 survivors (3072K)
 Metaspace       used 62216K, committed 62848K, reserved 479232K
  class space    used 8671K, committed 8960K, reserved 421888K
}
Event: 61.620 GC heap after
{Heap after GC invocations=29 (full 0):
 garbage-first heap   total 107520K, used 62560K [0x0000000080000000, 0x0000000100000000)
  region size 1024K, 3 young (3072K), 3 survivors (3072K)
 Metaspace       used 62216K, committed 62848K, reserved 479232K
  class space    used 8671K, committed 8960K, reserved 421888K
}
Event: 61.767 GC heap before
{Heap before GC invocations=29 (full 0):
 garbage-first heap   total 107520K, used 64608K [0x0000000080000000, 0x0000000100000000)
  region size 1024K, 5 young (5120K), 3 survivors (3072K)
 Metaspace       used 62237K, committed 62848K, reserved 479232K
  class space    used 8671K, committed 8960K, reserved 421888K
}
Event: 61.771 GC heap after
{Heap after GC invocations=30 (full 0):
 garbage-first heap   total 107520K, used 62807K [0x0000000080000000, 0x0000000100000000)
  region size 1024K, 1 young (1024K), 1 survivors (1024K)
 Metaspace       used 62237K, committed 62848K, reserved 479232K
  class space    used 8671K, committed 8960K, reserved 421888K
}
Event: 65.767 GC heap before
{Heap before GC invocations=30 (full 0):
 garbage-first heap   total 107520K, used 88407K [0x0000000080000000, 0x0000000100000000)
  region size 1024K, 25 young (25600K), 1 survivors (1024K)
 Metaspace       used 64159K, committed 64832K, reserved 479232K
  class space    used 8911K, committed 9216K, reserved 421888K
}
Event: 65.771 GC heap after
{Heap after GC invocations=31 (full 0):
 garbage-first heap   total 215040K, used 67769K [0x0000000080000000, 0x0000000100000000)
  region size 1024K, 4 young (4096K), 4 survivors (4096K)
 Metaspace       used 64159K, committed 64832K, reserved 479232K
  class space    used 8911K, committed 9216K, reserved 421888K
}
Event: 82.347 GC heap before
{Heap before GC invocations=32 (full 0):
 garbage-first heap   total 215040K, used 169783K [0x0000000080000000, 0x0000000100000000)
  region size 1024K, 96 young (98304K), 4 survivors (4096K)
 Metaspace       used 73960K, committed 74688K, reserved 487424K
  class space    used 10055K, committed 10432K, reserved 421888K
}
Event: 82.357 GC heap after
{Heap after GC invocations=33 (full 0):
 garbage-first heap   total 215040K, used 76064K [0x0000000080000000, 0x0000000100000000)
  region size 1024K, 12 young (12288K), 12 survivors (12288K)
 Metaspace       used 73960K, committed 74688K, reserved 487424K
  class space    used 10055K, committed 10432K, reserved 421888K
}
Event: 82.405 GC heap before
{Heap before GC invocations=33 (full 0):
 garbage-first heap   total 215040K, used 77088K [0x0000000080000000, 0x0000000100000000)
  region size 1024K, 13 young (13312K), 12 survivors (12288K)
 Metaspace       used 73981K, committed 74688K, reserved 487424K
  class space    used 10059K, committed 10432K, reserved 421888K
}
Event: 82.413 GC heap after
{Heap after GC invocations=34 (full 0):
 garbage-first heap   total 215040K, used 76609K [0x0000000080000000, 0x0000000100000000)
  region size 1024K, 2 young (2048K), 2 survivors (2048K)
 Metaspace       used 73981K, committed 74688K, reserved 487424K
  class space    used 10059K, committed 10432K, reserved 421888K
}

Dll operation events (12 events):
Event: 0.021 Loaded shared library C:\Program Files\OpenLogic\jdk-17.0.5.8-hotspot\bin\java.dll
Event: 0.040 Loaded shared library C:\Program Files\OpenLogic\jdk-17.0.5.8-hotspot\bin\jsvml.dll
Event: 0.127 Loaded shared library C:\Program Files\OpenLogic\jdk-17.0.5.8-hotspot\bin\net.dll
Event: 0.129 Loaded shared library C:\Program Files\OpenLogic\jdk-17.0.5.8-hotspot\bin\nio.dll
Event: 0.136 Loaded shared library C:\Program Files\OpenLogic\jdk-17.0.5.8-hotspot\bin\zip.dll
Event: 0.630 Loaded shared library C:\Program Files\OpenLogic\jdk-17.0.5.8-hotspot\bin\jimage.dll
Event: 0.786 Loaded shared library C:\Program Files\OpenLogic\jdk-17.0.5.8-hotspot\bin\verify.dll
Event: 1.136 Loaded shared library C:\Users\Dell\.gradle\native\68d5fa5c4cc2d200863cafc0d521ce42e7d3e7ee720ec0a83991735586a16f82\windows-amd64\native-platform.dll
Event: 1.151 Loaded shared library C:\Users\Dell\.gradle\native\e376f236ea51e6404a007f0833ffe2c6e607c4080706a723a18a27aeea778392\windows-amd64\native-platform-file-events.dll
Event: 4.013 Loaded shared library C:\Program Files\OpenLogic\jdk-17.0.5.8-hotspot\bin\management.dll
Event: 4.016 Loaded shared library C:\Program Files\OpenLogic\jdk-17.0.5.8-hotspot\bin\management_ext.dll
Event: 6.216 Loaded shared library C:\Program Files\OpenLogic\jdk-17.0.5.8-hotspot\bin\sunmscapi.dll

Deoptimization events (20 events):
Event: 83.900 Thread 0x00000188187dcab0 Uncommon trap: trap_request=0xfffffff4 fr.pc=0x0000018807d76cd4 relative=0x0000000000000134
Event: 83.900 Thread 0x00000188187dcab0 Uncommon trap: reason=null_check action=make_not_entrant pc=0x0000018807d76cd4 method=java.lang.PublicMethods$MethodList.getMostSpecific()Ljava/lang/reflect/Method; @ 41 c2
Event: 83.900 Thread 0x00000188187dcab0 DEOPT PACKING pc=0x0000018807d76cd4 sp=0x00000041a75f4d70
Event: 83.900 Thread 0x00000188187dcab0 DEOPT UNPACKING pc=0x00000188000523a3 sp=0x00000041a75f4c70 mode 2
Event: 83.951 Thread 0x00000188187dcab0 Uncommon trap: trap_request=0xfffffff4 fr.pc=0x0000018807becf90 relative=0x00000000000009f0
Event: 83.951 Thread 0x00000188187dcab0 Uncommon trap: reason=null_check action=make_not_entrant pc=0x0000018807becf90 method=com.sun.beans.introspect.MethodInfo$MethodOrder.compare(Ljava/lang/reflect/Method;Ljava/lang/reflect/Method;)I @ 133 c2
Event: 83.951 Thread 0x00000188187dcab0 DEOPT PACKING pc=0x0000018807becf90 sp=0x00000041a75f5060
Event: 83.951 Thread 0x00000188187dcab0 DEOPT UNPACKING pc=0x00000188000523a3 sp=0x00000041a75f4f90 mode 2
Event: 84.110 Thread 0x00000188187dcab0 Uncommon trap: trap_request=0xffffff45 fr.pc=0x0000018807cd0bb8 relative=0x00000000000008f8
Event: 84.110 Thread 0x00000188187dcab0 Uncommon trap: reason=unstable_if action=reinterpret pc=0x0000018807cd0bb8 method=java.util.WeakHashMap.matchesKey(Ljava/util/WeakHashMap$Entry;Ljava/lang/Object;)Z @ 5 c2
Event: 84.110 Thread 0x00000188187dcab0 DEOPT PACKING pc=0x0000018807cd0bb8 sp=0x00000041a75f50b0
Event: 84.110 Thread 0x00000188187dcab0 DEOPT UNPACKING pc=0x00000188000523a3 sp=0x00000041a75f5018 mode 2
Event: 84.145 Thread 0x00000188187dcab0 Uncommon trap: trap_request=0xfffffff4 fr.pc=0x0000018807bdbacc relative=0x0000000000003b4c
Event: 84.145 Thread 0x00000188187dcab0 Uncommon trap: reason=null_check action=make_not_entrant pc=0x0000018807bdbacc method=java.lang.PublicMethods$MethodList.getMostSpecific()Ljava/lang/reflect/Method; @ 41 c2
Event: 84.145 Thread 0x00000188187dcab0 DEOPT PACKING pc=0x0000018807bdbacc sp=0x00000041a75f36d0
Event: 84.145 Thread 0x00000188187dcab0 DEOPT UNPACKING pc=0x00000188000523a3 sp=0x00000041a75f35b0 mode 2
Event: 84.191 Thread 0x00000188187dcab0 Uncommon trap: trap_request=0xfffffff4 fr.pc=0x0000018807bd748c relative=0x0000000000000b6c
Event: 84.191 Thread 0x00000188187dcab0 Uncommon trap: reason=null_check action=make_not_entrant pc=0x0000018807bd748c method=com.sun.beans.introspect.MethodInfo$MethodOrder.compare(Ljava/lang/reflect/Method;Ljava/lang/reflect/Method;)I @ 145 c2
Event: 84.191 Thread 0x00000188187dcab0 DEOPT PACKING pc=0x0000018807bd748c sp=0x00000041a75f3ef0
Event: 84.191 Thread 0x00000188187dcab0 DEOPT UNPACKING pc=0x00000188000523a3 sp=0x00000041a75f3e20 mode 2

Classes unloaded (0 events):
No events

Classes redefined (0 events):
No events

Internal exceptions (20 events):
Event: 84.189 Thread 0x00000188187dcab0 Exception <a 'java/lang/ClassNotFoundException'{0x000000008ad533e0}: com/android/build/gradle/internal/dsl/BuildType$AgpDecoratedBeanInfo> (0x000000008ad533e0) 
thrown [s\src\hotspot\share\classfile\systemDictionary.cpp, line 256]
Event: 84.190 Thread 0x00000188187dcab0 Exception <a 'java/lang/ClassNotFoundException'{0x000000008ad619b0}: com/android/build/gradle/internal/dsl/BuildTypeBeanInfo> (0x000000008ad619b0) 
thrown [s\src\hotspot\share\classfile\systemDictionary.cpp, line 256]
Event: 84.190 Thread 0x00000188187dcab0 Exception <a 'java/lang/ClassNotFoundException'{0x000000008ad6fce8}: com/android/builder/core/AbstractBuildTypeBeanInfo> (0x000000008ad6fce8) 
thrown [s\src\hotspot\share\classfile\systemDictionary.cpp, line 256]
Event: 84.191 Thread 0x00000188187dcab0 Exception <a 'java/lang/ClassNotFoundException'{0x000000008ad7e010}: com/android/builder/core/AbstractBuildTypeCustomizer> (0x000000008ad7e010) 
thrown [s\src\hotspot\share\classfile\systemDictionary.cpp, line 256]
Event: 84.191 Thread 0x00000188187dcab0 Implicit null exception at 0x0000018807bd7008 to 0x0000018807bd7478
Event: 84.192 Thread 0x00000188187dcab0 Exception <a 'java/lang/ClassNotFoundException'{0x000000008ada9038}: com/android/build/gradle/internal/dsl/BuildTypeCustomizer> (0x000000008ada9038) 
thrown [s\src\hotspot\share\classfile\systemDictionary.cpp, line 256]
Event: 84.196 Thread 0x00000188187dcab0 Exception <a 'java/lang/ClassNotFoundException'{0x000000008ac328d8}: com/android/build/gradle/internal/dsl/BuildType$AgpDecoratedCustomizer> (0x000000008ac328d8) 
thrown [s\src\hotspot\share\classfile\systemDictionary.cpp, line 256]
Event: 84.199 Thread 0x00000188187dcab0 Exception <a 'java/lang/ClassNotFoundException'{0x000000008ac861b8}: com/android/build/gradle/internal/dsl/BuildType$AgpDecorated_DecoratedCustomizer> (0x000000008ac861b8) 
thrown [s\src\hotspot\share\classfile\systemDictionary.cpp, line 256]
Event: 84.207 Thread 0x00000188187dcab0 Exception <a 'java/lang/ClassNotFoundException'{0x000000008ab70db8}: build_35m4s4tpdyqpqx9mfp6gec9q8$_run_closure2$_closure6BeanInfo> (0x000000008ab70db8) 
thrown [s\src\hotspot\share\classfile\systemDictionary.cpp, line 256]
Event: 84.208 Thread 0x00000188187dcab0 Exception <a 'java/lang/ClassNotFoundException'{0x000000008ab7bab8}: build_35m4s4tpdyqpqx9mfp6gec9q8$_run_closure2$_closure6Customizer> (0x000000008ab7bab8) 
thrown [s\src\hotspot\share\classfile\systemDictionary.cpp, line 256]
Event: 84.219 Thread 0x00000188187dcab0 Exception <a 'java/lang/ClassNotFoundException'{0x000000008aa570d0}: org/gradle/api/internal/artifacts/dependencies/DefaultExternalModuleDependency_DecoratedBeanInfo> (0x000000008aa570d0) 
thrown [s\src\hotspot\share\classfile\systemDictionary.cpp, line 256]
Event: 84.221 Thread 0x00000188187dcab0 Exception <a 'java/lang/ClassNotFoundException'{0x000000008aa73010}: org/gradle/api/internal/artifacts/dependencies/DefaultExternalModuleDependencyBeanInfo> (0x000000008aa73010) 
thrown [s\src\hotspot\share\classfile\systemDictionary.cpp, line 256]
Event: 84.222 Thread 0x00000188187dcab0 Exception <a 'java/lang/ClassNotFoundException'{0x000000008aa8f470}: org/gradle/api/internal/artifacts/dependencies/AbstractExternalModuleDependencyBeanInfo> (0x000000008aa8f470) 
thrown [s\src\hotspot\share\classfile\systemDictionary.cpp, line 256]
Event: 84.224 Thread 0x00000188187dcab0 Exception <a 'java/lang/ClassNotFoundException'{0x000000008aaa7ac0}: org/gradle/api/internal/artifacts/dependencies/AbstractModuleDependencyBeanInfo> (0x000000008aaa7ac0) 
thrown [s\src\hotspot\share\classfile\systemDictionary.cpp, line 256]
Event: 84.225 Thread 0x00000188187dcab0 Exception <a 'java/lang/ClassNotFoundException'{0x000000008aabfed8}: org/gradle/api/internal/artifacts/dependencies/AbstractDependencyBeanInfo> (0x000000008aabfed8) 
thrown [s\src\hotspot\share\classfile\systemDictionary.cpp, line 256]
Event: 84.226 Thread 0x00000188187dcab0 Exception <a 'java/lang/ClassNotFoundException'{0x000000008aad82f0}: org/gradle/api/internal/artifacts/dependencies/AbstractDependencyCustomizer> (0x000000008aad82f0) 
thrown [s\src\hotspot\share\classfile\systemDictionary.cpp, line 256]
Event: 84.227 Thread 0x00000188187dcab0 Exception <a 'java/lang/ClassNotFoundException'{0x000000008aaf4020}: org/gradle/api/internal/artifacts/dependencies/AbstractModuleDependencyCustomizer> (0x000000008aaf4020) 
thrown [s\src\hotspot\share\classfile\systemDictionary.cpp, line 256]
Event: 84.229 Thread 0x00000188187dcab0 Exception <a 'java/lang/ClassNotFoundException'{0x000000008a92c910}: org/gradle/api/internal/artifacts/dependencies/AbstractExternalModuleDependencyCustomizer> (0x000000008a92c910) 
thrown [s\src\hotspot\share\classfile\systemDictionary.cpp, line 256]
Event: 84.230 Thread 0x00000188187dcab0 Exception <a 'java/lang/ClassNotFoundException'{0x000000008a9589e0}: org/gradle/api/internal/artifacts/dependencies/DefaultExternalModuleDependencyCustomizer> (0x000000008a9589e0) 
thrown [s\src\hotspot\share\classfile\systemDictionary.cpp, line 256]
Event: 84.232 Thread 0x00000188187dcab0 Exception <a 'java/lang/ClassNotFoundException'{0x000000008a980260}: org/gradle/api/internal/artifacts/dependencies/DefaultExternalModuleDependency_DecoratedCustomizer> (0x000000008a980260) 
thrown [s\src\hotspot\share\classfile\systemDictionary.cpp, line 256]

VM Operations (20 events):
Event: 78.786 Executing VM operation: HandshakeAllThreads
Event: 78.786 Executing VM operation: HandshakeAllThreads done
Event: 78.823 Executing VM operation: HandshakeAllThreads
Event: 78.823 Executing VM operation: HandshakeAllThreads done
Event: 79.832 Executing VM operation: Cleanup
Event: 79.852 Executing VM operation: Cleanup done
Event: 81.864 Executing VM operation: Cleanup
Event: 81.864 Executing VM operation: Cleanup done
Event: 82.347 Executing VM operation: G1CollectForAllocation
Event: 82.357 Executing VM operation: G1CollectForAllocation done
Event: 82.405 Executing VM operation: G1CollectForAllocation
Event: 82.413 Executing VM operation: G1CollectForAllocation done
Event: 83.426 Executing VM operation: Cleanup
Event: 83.426 Executing VM operation: Cleanup done
Event: 84.433 Executing VM operation: Cleanup
Event: 84.433 Executing VM operation: Cleanup done
Event: 86.447 Executing VM operation: Cleanup
Event: 86.448 Executing VM operation: Cleanup done
Event: 91.474 Executing VM operation: Cleanup
Event: 91.475 Executing VM operation: Cleanup done

Events (20 events):
Event: 81.502 loading class sun/reflect/generics/repository/FieldRepository
Event: 81.508 loading class sun/reflect/generics/repository/FieldRepository done
Event: 81.541 loading class jdk/internal/vm/annotation/ForceInline
Event: 81.541 loading class jdk/internal/vm/annotation/ForceInline done
Event: 81.677 loading class java/util/regex/Pattern$Caret
Event: 81.678 loading class java/util/regex/Pattern$Caret done
Event: 82.100 loading class java/util/regex/Pattern$Pos
Event: 82.117 loading class java/util/regex/Pattern$Pos done
Event: 82.402 loading class java/lang/EnumBeanInfo
Event: 82.402 loading class java/lang/EnumBeanInfo done
Event: 82.403 loading class java/lang/EnumBeanInfo
Event: 82.403 loading class java/lang/EnumBeanInfo done
Event: 82.403 loading class java/lang/EnumCustomizer
Event: 82.403 loading class java/lang/EnumCustomizer done
Event: 82.403 loading class java/lang/EnumCustomizer
Event: 82.403 loading class java/lang/EnumCustomizer done
Event: 83.856 Thread 0x0000018817c9cb10 Thread added: 0x0000018817c9cb10
Event: 83.957 loading class java/beans/IntrospectionException
Event: 83.957 loading class java/beans/IntrospectionException done
Event: 85.748 Thread 0x0000018817c9cb10 Thread exited: 0x0000018817c9cb10


Dynamic libraries:
0x00007ff7f63f0000 - 0x00007ff7f63fe000 	C:\Program Files\OpenLogic\jdk-17.0.5.8-hotspot\bin\java.exe
0x00007ff87ea30000 - 0x00007ff87ec44000 	C:\WINDOWS\SYSTEM32\ntdll.dll
0x00007ff87d460000 - 0x00007ff87d522000 	C:\WINDOWS\System32\KERNEL32.DLL
0x00007ff87c1d0000 - 0x00007ff87c573000 	C:\WINDOWS\System32\KERNELBASE.dll
0x00007ff87c6f0000 - 0x00007ff87c801000 	C:\WINDOWS\System32\ucrtbase.dll
0x00007ff86ae10000 - 0x00007ff86ae27000 	C:\Program Files\OpenLogic\jdk-17.0.5.8-hotspot\bin\jli.dll
0x00007ff87e040000 - 0x00007ff87e1ea000 	C:\WINDOWS\System32\USER32.dll
0x00007ff87c130000 - 0x00007ff87c156000 	C:\WINDOWS\System32\win32u.dll
0x00007ff87d650000 - 0x00007ff87d679000 	C:\WINDOWS\System32\GDI32.dll
0x00007ff87bf50000 - 0x00007ff87c069000 	C:\WINDOWS\System32\gdi32full.dll
0x00007ff87be30000 - 0x00007ff87beca000 	C:\WINDOWS\System32\msvcp_win.dll
0x00007ff875e40000 - 0x00007ff875e5b000 	C:\Program Files\OpenLogic\jdk-17.0.5.8-hotspot\bin\VCRUNTIME140.dll
0x00007ff854a20000 - 0x00007ff854cae000 	C:\WINDOWS\WinSxS\amd64_microsoft.windows.common-controls_6595b64144ccf1df_6.0.22621.1635_none_270f70857386168e\COMCTL32.dll
0x00007ff87cef0000 - 0x00007ff87cf97000 	C:\WINDOWS\System32\msvcrt.dll
0x00007ff87d680000 - 0x00007ff87d6b1000 	C:\WINDOWS\System32\IMM32.DLL
0x00007ff876be0000 - 0x00007ff876bec000 	C:\Program Files\OpenLogic\jdk-17.0.5.8-hotspot\bin\vcruntime140_1.dll
0x00007ff863450000 - 0x00007ff8634dd000 	C:\Program Files\OpenLogic\jdk-17.0.5.8-hotspot\bin\msvcp140.dll
0x00007fffc8050000 - 0x00007fffc8cab000 	C:\Program Files\OpenLogic\jdk-17.0.5.8-hotspot\bin\server\jvm.dll
0x00007ff87daf0000 - 0x00007ff87db9e000 	C:\WINDOWS\System32\ADVAPI32.dll
0x00007ff87cfa0000 - 0x00007ff87d044000 	C:\WINDOWS\System32\sechost.dll
0x00007ff87d530000 - 0x00007ff87d647000 	C:\WINDOWS\System32\RPCRT4.dll
0x00007ff862440000 - 0x00007ff862449000 	C:\WINDOWS\SYSTEM32\WSOCK32.dll
0x00007ff87dfc0000 - 0x00007ff87e031000 	C:\WINDOWS\System32\WS2_32.dll
0x00007ff86fbb0000 - 0x00007ff86fbe4000 	C:\WINDOWS\SYSTEM32\WINMM.dll
0x00007ff8768e0000 - 0x00007ff8768ea000 	C:\WINDOWS\SYSTEM32\VERSION.dll
0x00007ff87ae70000 - 0x00007ff87ae88000 	C:\WINDOWS\SYSTEM32\kernel.appcore.dll
0x00007ff8768d0000 - 0x00007ff8768da000 	C:\Program Files\OpenLogic\jdk-17.0.5.8-hotspot\bin\jimage.dll
0x00007ff879830000 - 0x00007ff879a5e000 	C:\WINDOWS\SYSTEM32\DBGHELP.DLL
0x00007ff87d760000 - 0x00007ff87dae9000 	C:\WINDOWS\System32\combase.dll
0x00007ff87dee0000 - 0x00007ff87dfb7000 	C:\WINDOWS\System32\OLEAUT32.dll
0x00007ff85c8b0000 - 0x00007ff85c8e2000 	C:\WINDOWS\SYSTEM32\dbgcore.DLL
0x00007ff87bed0000 - 0x00007ff87bf4a000 	C:\WINDOWS\System32\bcryptPrimitives.dll
0x00007ff86ade0000 - 0x00007ff86ae05000 	C:\Program Files\OpenLogic\jdk-17.0.5.8-hotspot\bin\java.dll
0x00007ff862000000 - 0x00007ff8620d6000 	C:\Program Files\OpenLogic\jdk-17.0.5.8-hotspot\bin\jsvml.dll
0x00007ff87e1f0000 - 0x00007ff87e9e9000 	C:\WINDOWS\System32\SHELL32.dll
0x00007ff879e20000 - 0x00007ff87a6ee000 	C:\WINDOWS\SYSTEM32\windows.storage.dll
0x00007ff879ce0000 - 0x00007ff879e1e000 	C:\WINDOWS\SYSTEM32\wintypes.dll
0x00007ff87cd00000 - 0x00007ff87cdf1000 	C:\WINDOWS\System32\SHCORE.dll
0x00007ff87d330000 - 0x00007ff87d38e000 	C:\WINDOWS\System32\shlwapi.dll
0x00007ff87bd60000 - 0x00007ff87bd86000 	C:\WINDOWS\SYSTEM32\profapi.dll
0x00007ff8652d0000 - 0x00007ff8652e9000 	C:\Program Files\OpenLogic\jdk-17.0.5.8-hotspot\bin\net.dll
0x00007ff871330000 - 0x00007ff871467000 	C:\WINDOWS\SYSTEM32\WINHTTP.dll
0x00007ff87b2f0000 - 0x00007ff87b359000 	C:\WINDOWS\system32\mswsock.dll
0x00007ff8652b0000 - 0x00007ff8652c6000 	C:\Program Files\OpenLogic\jdk-17.0.5.8-hotspot\bin\nio.dll
0x00007ff864ed0000 - 0x00007ff864ee8000 	C:\Program Files\OpenLogic\jdk-17.0.5.8-hotspot\bin\zip.dll
0x00007ff8768a0000 - 0x00007ff8768b0000 	C:\Program Files\OpenLogic\jdk-17.0.5.8-hotspot\bin\verify.dll
0x00007ff865570000 - 0x00007ff865597000 	C:\Users\Dell\.gradle\native\68d5fa5c4cc2d200863cafc0d521ce42e7d3e7ee720ec0a83991735586a16f82\windows-amd64\native-platform.dll
0x00007ff860ae0000 - 0x00007ff860c24000 	C:\Users\Dell\.gradle\native\e376f236ea51e6404a007f0833ffe2c6e607c4080706a723a18a27aeea778392\windows-amd64\native-platform-file-events.dll
0x00007ff876860000 - 0x00007ff876869000 	C:\Program Files\OpenLogic\jdk-17.0.5.8-hotspot\bin\management.dll
0x00007ff872320000 - 0x00007ff87232b000 	C:\Program Files\OpenLogic\jdk-17.0.5.8-hotspot\bin\management_ext.dll
0x00007ff87ccf0000 - 0x00007ff87ccf8000 	C:\WINDOWS\System32\PSAPI.DLL
0x00007ff87b550000 - 0x00007ff87b56b000 	C:\WINDOWS\SYSTEM32\CRYPTSP.dll
0x00007ff87ade0000 - 0x00007ff87ae15000 	C:\WINDOWS\system32\rsaenh.dll
0x00007ff87b3f0000 - 0x00007ff87b41c000 	C:\WINDOWS\SYSTEM32\USERENV.dll
0x00007ff87b790000 - 0x00007ff87b7b8000 	C:\WINDOWS\SYSTEM32\bcrypt.dll
0x00007ff87b570000 - 0x00007ff87b57c000 	C:\WINDOWS\SYSTEM32\CRYPTBASE.dll
0x00007ff87a950000 - 0x00007ff87a97d000 	C:\WINDOWS\SYSTEM32\IPHLPAPI.DLL
0x00007ff87cc90000 - 0x00007ff87cc99000 	C:\WINDOWS\System32\NSI.dll
0x00007ff8710d0000 - 0x00007ff8710e9000 	C:\WINDOWS\SYSTEM32\dhcpcsvc6.DLL
0x00007ff8710b0000 - 0x00007ff8710cf000 	C:\WINDOWS\SYSTEM32\dhcpcsvc.DLL
0x00007ff87a9c0000 - 0x00007ff87aab3000 	C:\WINDOWS\SYSTEM32\DNSAPI.dll
0x00007ff86add0000 - 0x00007ff86adde000 	C:\Program Files\OpenLogic\jdk-17.0.5.8-hotspot\bin\sunmscapi.dll
0x00007ff87c580000 - 0x00007ff87c6e7000 	C:\WINDOWS\System32\CRYPT32.dll
0x00007ff87b740000 - 0x00007ff87b76e000 	C:\WINDOWS\SYSTEM32\ncrypt.dll
0x00007ff87b6f0000 - 0x00007ff87b727000 	C:\WINDOWS\SYSTEM32\NTASN1.dll
0x00007ff865640000 - 0x00007ff865648000 	C:\WINDOWS\system32\wshunix.dll

dbghelp: loaded successfully - version: 4.0.5 - missing functions: none
symbol engine: initialized successfully - sym options: 0x614 - pdb path: .;C:\Program Files\OpenLogic\jdk-17.0.5.8-hotspot\bin;C:\WINDOWS\SYSTEM32;C:\WINDOWS\WinSxS\amd64_microsoft.windows.common-controls_6595b64144ccf1df_6.0.22621.1635_none_270f70857386168e;C:\Program Files\OpenLogic\jdk-17.0.5.8-hotspot\bin\server;C:\Users\Dell\.gradle\native\68d5fa5c4cc2d200863cafc0d521ce42e7d3e7ee720ec0a83991735586a16f82\windows-amd64;C:\Users\Dell\.gradle\native\e376f236ea51e6404a007f0833ffe2c6e607c4080706a723a18a27aeea778392\windows-amd64

VM Arguments:
jvm_args: -XX:MaxMetaspaceSize=512m --add-opens=java.base/java.util=ALL-UNNAMED --add-opens=java.base/java.lang=ALL-UNNAMED --add-opens=java.base/java.lang.invoke=ALL-UNNAMED --add-opens=java.prefs/java.util.prefs=ALL-UNNAMED --add-opens=java.base/java.nio.charset=ALL-UNNAMED --add-opens=java.base/java.net=ALL-UNNAMED --add-opens=java.base/java.util.concurrent.atomic=ALL-UNNAMED -Xmx2048m -Dfile.encoding=windows-1252 -Duser.country=IN -Duser.language=en -Duser.variant 
java_command: org.gradle.launcher.daemon.bootstrap.GradleDaemon 8.0.1
java_class_path (initial): C:\Users\Dell\.gradle\wrapper\dists\gradle-8.0.1-all\aro4hu1c3oeioove7l0i4i14o\gradle-8.0.1\lib\gradle-launcher-8.0.1.jar
Launcher Type: SUN_STANDARD

[Global flags]
     intx CICompilerCount                          = 4                                         {product} {ergonomic}
   size_t CompressedClassSpaceSize                 = 432013312                                 {product} {ergonomic}
     uint ConcGCThreads                            = 2                                         {product} {ergonomic}
     uint G1ConcRefinementThreads                  = 8                                         {product} {ergonomic}
   size_t G1HeapRegionSize                         = 1048576                                   {product} {ergonomic}
    uintx GCDrainStackTargetSize                   = 64                                        {product} {ergonomic}
   size_t InitialHeapSize                          = 134217728                                 {product} {ergonomic}
   size_t MarkStackSize                            = 4194304                                   {product} {ergonomic}
   size_t MaxHeapSize                              = 2147483648                                {product} {command line}
   size_t MaxMetaspaceSize                         = 536870912                                 {product} {command line}
   size_t MaxNewSize                               = 1287651328                                {product} {ergonomic}
   size_t MinHeapDeltaBytes                        = 1048576                                   {product} {ergonomic}
   size_t MinHeapSize                              = 8388608                                   {product} {ergonomic}
    uintx NonNMethodCodeHeapSize                   = 5839372                                {pd product} {ergonomic}
    uintx NonProfiledCodeHeapSize                  = 122909434                              {pd product} {ergonomic}
    uintx ProfiledCodeHeapSize                     = 122909434                              {pd product} {ergonomic}
    uintx ReservedCodeCacheSize                    = 251658240                              {pd product} {ergonomic}
     bool SegmentedCodeCache                       = true                                      {product} {ergonomic}
   size_t SoftMaxHeapSize                          = 2147483648                             {manageable} {ergonomic}
     bool UseCompressedClassPointers               = true                           {product lp64_product} {ergonomic}
     bool UseCompressedOops                        = true                           {product lp64_product} {ergonomic}
     bool UseG1GC                                  = true                                      {product} {ergonomic}
     bool UseLargePagesIndividualAllocation        = false                                  {pd product} {ergonomic}

Logging:
Log output configuration:
 #0: stdout all=warning uptime,level,tags
 #1: stderr all=off uptime,level,tags

Environment Variables:
JAVA_HOME=C:\Program Files\OpenLogic\jdk-17.0.5.8-hotspot
CLASSPATH=D:\Abhishek\ReactNative\RN\gAuth\android\\gradle\wrapper\gradle-wrapper.jar
PATH=D:\Abhishek\ReactNative\RN\gAuth\node_modules\.bin;D:\Abhishek\ReactNative\RN\gAuth\node_modules\.bin;D:\Abhishek\ReactNative\RN\node_modules\.bin;D:\Abhishek\ReactNative\node_modules\.bin;D:\Abhishek\node_modules\.bin;D:\node_modules\.bin;C:\Users\Dell\AppData\Roaming\npm\node_modules\npm\node_modules\@npmcli\run-script\lib\node-gyp-bin;D:\Abhishek\ReactNative\RN\gAuth\node_modules\.bin;D:\Abhishek\ReactNative\RN\node_modules\.bin;D:\Abhishek\ReactNative\node_modules\.bin;D:\Abhishek\node_modules\.bin;D:\node_modules\.bin;C:\Users\Dell\AppData\Roaming\npm\node_modules\npm\node_modules\@npmcli\run-script\lib\node-gyp-bin;C:\Program Files\OpenLogic\jdk-17.0.5.8-hotspot\bin;C:\Program Files (x86)\Common Files\Oracle\Java\javapath;C:\Python310\Scripts\;C:\Python310\;C:\WINDOWS\system32;C:\WINDOWS;C:\WINDOWS\System32\Wbem;C:\WINDOWS\System32\WindowsPowerShell\v1.0\;C:\WINDOWS\System32\OpenSSH\;C:\Program Files\Microsoft SQL Server\Client SDK\ODBC\170\Tools\Binn\;C:\Program Files (x86)\Microsoft SQL Server\150\Tools\Binn\;C:\Program Files\Microsoft SQL Server\150\Tools\Binn\;C:\Program Files\Microsoft SQL Server\150\DTS\Binn\;C:\Program Files (x86)\Microsoft SQL Server\150\DTS\Binn\;C:\Program Files\Azure Data Studio\bin;C:\Program Files\dotnet\;C:\Program Files\Microsoft SQL Server\130\Tools\Binn\;C:\Program Files\Go\bin;C:\Program Files\Git\cmd;C:\ProgramData\chocolatey\bin;C:\Program Files (x86)\Microsoft SQL Server\160\Tools\Binn\;C:\Program Files\Microsoft SQL Server\160\Tools\Binn\;C:\Program Files\Microsoft SQL Server\160\DTS\Binn\;C:\Program Files (x86)\Microsoft SQL Server\Client SDK\ODBC\130\Tools\Binn\;C:\Program Files (x86)\Microsoft SQL Server\140\Tools\Binn\;C:\Program Files (x86)\Microsoft SQL Server\140\DTS\Binn\;C:\Program Files (x86)\Microsoft SQL Server\140\Tools\Binn\ManagementStudio\;C:\Program Files\nodejs\;C:\Users\Dell\.console-ninja\.bin;D:\flutter\bin;C:\Users\Dell\AppData\Local\Programs\Python\Python39\Scripts\;C:\Users\Dell\AppData\Local\Pro
USERNAME=Dell
LANG=en_US.UTF-8
OS=Windows_NT
PROCESSOR_IDENTIFIER=Intel64 Family 6 Model 142 Stepping 12, GenuineIntel
TMP=C:\Users\Dell\AppData\Local\Temp
TEMP=C:\Users\Dell\AppData\Local\Temp



---------------  S Y S T E M  ---------------

OS:
 Windows 11 , 64 bit Build 22621 (10.0.22621.1928)
OS uptime: 5 days 20:50 hours

CPU: total 8 (initial active 8) (4 cores per cpu, 2 threads per core) family 6 model 142 stepping 12 microcode 0xf4, cx8, cmov, fxsr, ht, mmx, 3dnowpref, sse, sse2, sse3, ssse3, sse4.1, sse4.2, popcnt, lzcnt, tsc, tscinvbit, avx, avx2, aes, erms, clmul, bmi1, bmi2, adx, fma, vzeroupper, clflush, clflushopt

Memory: 4k page, system-wide physical 8067M (579M free)
TotalPageFile size 32643M (AvailPageFile size 67M)
current process WorkingSet (physical memory assigned to process): 412M, peak: 445M
current process commit charge ("private bytes"): 464M, peak: 497M

vm_info: OpenJDK 64-Bit Server VM (17.0.5+8-adhoc..jdk17u) for windows-amd64 JRE (17.0.5+8-adhoc..jdk17u), built on Jun  8 2023 10:23:55 by "" with MS VC++ 16.10 / 16.11 (VS2019)

END.
